[    7104ms] Error: Cannot find module '/Users/halim/Documents/oulipo/singulars/.next/server/app/singulars/[slug]/page.js'
Require stack:
- /Users/halim/Documents/oulipo/singulars/node_modules/next/dist/server/require.js
- /Users/halim/Documents/oulipo/singulars/node_modules/next/dist/server/load-components.js
- /Users/halim/Documents/oulipo/singulars/node_modules/next/dist/build/utils.js
- /Users/halim/Documents/oulipo/singulars/node_modules/next/dist/server/dev/hot-middleware.js
- /Users/halim/Documents/oulipo/singulars/node_modules/next/dist/server/dev/hot-reloader-webpack.js
- /Users/halim/Documents/oulipo/singulars/node_modules/next/dist/server/lib/router-utils/setup-dev-bundler.js
- /Users/halim/Documents/oulipo/singulars/node_modules/next/dist/server/lib/router-server.js
- /Users/halim/Documents/oulipo/singulars/node_modules/next/dist/server/lib/start-server.js
    at getServerError (webpack-internal:///./node_modules/next/dist/client/components/react-dev-overlay/internal/helpers/nodeStackFrames.js:38:15)
    at hydrate/< (webpack-internal:///./node_modules/next/dist/client/index.js:625:27)
    at setTimeout handler*hydrate (webpack-internal:///./node_modules/next/dist/client/index.js:613:27)
    at async*pageBootrap (webpack-internal:///./node_modules/next/dist/client/page-bootstrap.js:27:26)
    at  (webpack-internal:///./node_modules/next/dist/client/next-dev.js:25:43)
    at promise callback* (webpack-internal:///./node_modules/next/dist/client/next-dev.js:23:4)
    at ./node_modules/next/dist/client/next-dev.js (http://localhost:3000/_next/static/chunks/main.js:820:1)
    at options.factory (http://localhost:3000/_next/static/chunks/webpack.js:703:31)
    at __webpack_require__ (http://localhost:3000/_next/static/chunks/webpack.js:37:33)
    at __webpack_exec__ (http://localhost:3000/_next/static/chunks/main.js:1975:61)
    at  (http://localhost:3000/_next/static/chunks/main.js:1976:53)
    at webpackJsonpCallback (http://localhost:3000/_next/static/chunks/webpack.js:1375:46)
    at  (http://localhost:3000/_next/static/chunks/main.js:9:61)
[   23231ms] [WARNING] [Fast Refresh] performing full reload because your application had an unrecoverable error @ webpack-internal:///./node_modules/next/dist/client/components/react-dev-overlay/pages/hot-reloader-client.js:349
[   34666ms] [WARNING] [JavaScript Warning: "The resource at “http://localhost:3000/_next/static/media/4473ecc91f70f139-s.p.woff” preloaded with link preload was not used within a few seconds. Make sure all attributes of the preload tag are set correctly." {file: "http://localhost:3000/singulars/hard-exe" line: 0}] @ http://localhost:3000/singulars/hard-exe:0
[   34666ms] [WARNING] [JavaScript Warning: "The resource at “http://localhost:3000/_next/static/media/463dafcda517f24f-s.p.woff” preloaded with link preload was not used within a few seconds. Make sure all attributes of the preload tag are set correctly." {file: "http://localhost:3000/singulars/hard-exe" line: 0}] @ http://localhost:3000/singulars/hard-exe:0
