[    1972ms] [ERROR] ./src/components/MiniVoting.tsx
Error: 
  x the name `getFingerprint` is defined multiple times
    ,-[/Users/halim/Documents/oulipo/singulars/src/components/MiniVoting.tsx:2:1]
  2 | 
  3 | import { useEffect, useState, useCallback } from 'react';
  4 | import { useRouter } from 'next/navigation';
  5 | import { getFingerprint } from '@/lib/fingerprint';
    :          ^^^^^^^|^^^^^^
    :                 `-- previous definition of `getFingerprint` here
  6 | 
  7 | interface Poem {
  8 |   id: string;
  9 |   performance_id: string;
 10 |   theme: string;
 11 |   theme_slug: string;
 12 |   text: string;
 13 |   author_name: string;
 14 |   author_type: 'human' | 'machine';
 15 |   vote_count: number;
 16 | }
 17 | 
 18 | interface Performance {
 19 |   id: string;
 20 |   name: string;
 21 |   slug: string;
 22 |   color: string;
 23 |   status: 'upcoming' | 'training' | 'trained';
 24 | }
 25 | 
 26 | interface ThemeData {
 27 |   performance: Performance;
 28 |   poems: Poem[];
 29 | }
 30 | 
 31 | /**
 32 |  * Get or create a browser fingerprint for anonymous vote deduplication.
 33 |  * Uses @fingerprintjs/fingerprintjs with cookie + localStorage fallback.
 34 |  */
 35 | async function getFingerprint(): Promise<string> {
    :                ^^^^^^^|^^^^^^
    :                       `-- `getFingerprint` redefined here
 36 |   // Check localStorage first for cached fingerprint
 37 |   const STORAGE_KEY = 'singulars_fp';
 38 |   try {
    `---- @ webpack-internal:///(app-pages-browser)/./node_modules/next/dist/client/app-index.js:32
[   10378ms] [WARNING] [JavaScript Warning: "The resource at “http://localhost:3000/_next/static/media/4473ecc91f70f139-s.p.woff” preloaded with link preload was not used within a few seconds. Make sure all attributes of the preload tag are set correctly." {file: "http://localhost:3000/singulars/hard-exe" line: 0}] @ http://localhost:3000/singulars/hard-exe:0
[   10378ms] [WARNING] [JavaScript Warning: "The resource at “http://localhost:3000/_next/static/media/463dafcda517f24f-s.p.woff” preloaded with link preload was not used within a few seconds. Make sure all attributes of the preload tag are set correctly." {file: "http://localhost:3000/singulars/hard-exe" line: 0}] @ http://localhost:3000/singulars/hard-exe:0
[   10756ms] SyntaxError: JSON.parse: unexpected character at line 1 column 1 of the JSON data
    at _promiseAwareJsonValueNoThrow/< (debugger eval code:327:30)
    at async*_promiseAwareJsonValueNoThrow (debugger eval code:329:9)
    at evaluate (debugger eval code:310:33)
    at  (debugger eval code:1:44)
    at evaluateFunction (chrome://juggler/content/content/Runtime.js:404:60)
    at callFunction (chrome://juggler/content/content/Runtime.js:103:41)
    at _onMessageInternal (chrome://juggler/content/SimpleChannel.js:237:37)
    at _onMessage (chrome://juggler/content/SimpleChannel.js:194:12)
    at bindToActor/actor.receiveMessage (chrome://juggler/content/SimpleChannel.js:39:44)
[   21447ms] [WARNING] [JavaScript Warning: "The resource at “http://localhost:3000/_next/static/media/4473ecc91f70f139-s.p.woff” preloaded with link preload was not used within a few seconds. Make sure all attributes of the preload tag are set correctly." {file: "http://localhost:3000/singulars/hard-exe" line: 0}] @ http://localhost:3000/singulars/hard-exe:0
[   21448ms] [WARNING] [JavaScript Warning: "The resource at “http://localhost:3000/_next/static/media/463dafcda517f24f-s.p.woff” preloaded with link preload was not used within a few seconds. Make sure all attributes of the preload tag are set correctly." {file: "http://localhost:3000/singulars/hard-exe" line: 0}] @ http://localhost:3000/singulars/hard-exe:0
[   24609ms] [WARNING] [JavaScript Warning: "Loading failed for the <script> with source “http://localhost:3000/_next/static/chunks/fallback/webpack.js”." {file: "http://localhost:3000/singulars/hard-exe" line: 1}] @ http://localhost:3000/singulars/hard-exe:1
[   24609ms] [WARNING] [JavaScript Warning: "Loading failed for the <script> with source “http://localhost:3000/_next/static/chunks/fallback/main.js”." {file: "http://localhost:3000/singulars/hard-exe" line: 1}] @ http://localhost:3000/singulars/hard-exe:1
[   24625ms] [WARNING] [JavaScript Warning: "Loading failed for the <script> with source “http://localhost:3000/_next/static/chunks/fallback/pages/_app.js”." {file: "http://localhost:3000/singulars/hard-exe" line: 1}] @ http://localhost:3000/singulars/hard-exe:1
[   24636ms] [WARNING] [JavaScript Warning: "Loading failed for the <script> with source “http://localhost:3000/_next/static/chunks/fallback/pages/_error.js”." {file: "http://localhost:3000/singulars/hard-exe" line: 1}] @ http://localhost:3000/singulars/hard-exe:1
[   24636ms] [WARNING] [JavaScript Warning: "Loading failed for the <script> with source “http://localhost:3000/_next/static/chunks/fallback/react-refresh.js”." {file: "http://localhost:3000/singulars/hard-exe" line: 1}] @ http://localhost:3000/singulars/hard-exe:1
[   31499ms] TypeError: NetworkError when attempting to fetch resource.
    at _promiseAwareJsonValueNoThrow/< (debugger eval code:327:30)
    at async*_promiseAwareJsonValueNoThrow (debugger eval code:329:9)
    at evaluate (debugger eval code:310:33)
    at  (debugger eval code:1:44)
    at evaluateFunction (chrome://juggler/content/content/Runtime.js:404:60)
    at callFunction (chrome://juggler/content/content/Runtime.js:103:41)
    at _onMessageInternal (chrome://juggler/content/SimpleChannel.js:237:37)
    at _onMessage (chrome://juggler/content/SimpleChannel.js:194:12)
    at bindToActor/actor.receiveMessage (chrome://juggler/content/SimpleChannel.js:39:44)
