[    4651ms] Error: Cannot find module './vendor-chunks/@supabase.js'
Require stack:
- /Users/halim/Documents/oulipo/singulars/.next/server/webpack-runtime.js
- /Users/halim/Documents/oulipo/singulars/.next/server/app/singulars/[slug]/[themeSlug]/page.js
- /Users/halim/Documents/oulipo/singulars/node_modules/next/dist/server/require.js
- /Users/halim/Documents/oulipo/singulars/node_modules/next/dist/server/load-components.js
- /Users/halim/Documents/oulipo/singulars/node_modules/next/dist/build/utils.js
- /Users/halim/Documents/oulipo/singulars/node_modules/next/dist/server/dev/static-paths-worker.js
- /Users/halim/Documents/oulipo/singulars/node_modules/next/dist/compiled/jest-worker/processChild.js
    at getServerError (webpack-internal:///./node_modules/next/dist/client/components/react-dev-overlay/internal/helpers/nodeStackFrames.js:38:15)
    at hydrate/< (webpack-internal:///./node_modules/next/dist/client/index.js:625:27)
    at setTimeout handler*hydrate (webpack-internal:///./node_modules/next/dist/client/index.js:613:27)
    at async*pageBootrap (webpack-internal:///./node_modules/next/dist/client/page-bootstrap.js:27:26)
    at  (webpack-internal:///./node_modules/next/dist/client/next-dev.js:25:43)
    at promise callback* (webpack-internal:///./node_modules/next/dist/client/next-dev.js:23:4)
    at ./node_modules/next/dist/client/next-dev.js (http://localhost:3001/_next/static/chunks/main.js:820:1)
    at options.factory (http://localhost:3001/_next/static/chunks/webpack.js:715:31)
    at __webpack_require__ (http://localhost:3001/_next/static/chunks/webpack.js:37:33)
    at __webpack_exec__ (http://localhost:3001/_next/static/chunks/main.js:1975:61)
    at  (http://localhost:3001/_next/static/chunks/main.js:1976:53)
    at webpackJsonpCallback (http://localhost:3001/_next/static/chunks/webpack.js:1387:46)
    at  (http://localhost:3001/_next/static/chunks/main.js:9:61)
