[    2466ms] [ERROR] Warning: Text content did not match. Server: "Click on a poem to cast your vote" Client: "Click or press Enter on a poem to cast your vote"
p
div
VotingPoemPair@webpack-internal:///(app-pages-browser)/./src/app/singulars/[slug]/[themeSlug]/VotingPoemPair.tsx:14:58
main
ThemeVotingPage (Server)
InnerLayoutRouter@webpack-internal:///(app-pages-browser)/./node_modules/next/dist/client/components/layout-router.js:244:18
RedirectErrorBoundary@webpack-internal:///(app-pages-browser)/./node_modules/next/dist/client/components/redirect-boundary.js:74:9
RedirectBoundary@webpack-internal:///(app-pages-browser)/./node_modules/next/dist/client/components/redirect-boundary.js:82:24
NotFoundErrorBoundary@webpack-internal:///(app-pages-browser)/./node_modules/next/dist/client/components/not-found-boundary.js:76:9
NotFoundBoundary@webpack-internal:///(app-pages-browser)/./node_modules/next/dist/client/components/not-found-boundary.js:84:62
LoadingBoundary@webpack-internal:///(app-pages-browser)/./node_modules/next/dist/client/components/layout-router.js:349:76
ErrorBoundary@webpack-internal:///(app-pages-browser)/./node_modules/next/dist/client/components/error-boundary.js:160:67
InnerScrollAndFocusHandler@webpack-internal:///(app-pages-browser)/./node_modules/next/dist/client/components/layout-router.js:153:9
ScrollAndFocusHandler@webpack-internal:///(app-pages-browser)/./node_modules/next/dist/client/components/layout-router.js:228:37
RenderFromTemplateContext@webpack-internal:///(app-pages-browser)/./node_modules/next/dist/client/components/render-from-template-context.js:16:44
OuterLayoutRouter@webpack-internal:///(app-pages-browser)/./node_modules/next/dist/client/components/layout-router.js:370:149
ThemeLayout (Server)
InnerLayoutRouter@webpack-internal:///(app-pages-browser)/./node_modules/next/dist/client/components/layout-router.js:244:18
RedirectErrorBoundary@webpack-internal:///(app-pages-browser)/./node_modules/next/dist/client/components/redirect-boundary.js:74:9
RedirectBoundary@webpack-internal:///(app-pages-browser)/./node_modules/next/dist/client/components/redirect-boundary.js:82:24
NotFoundErrorBoundary@webpack-internal:///(app-pages-browser)/./node_modules/next/dist/client/components/not-found-boundary.js:76:9
NotFoundBoundary@webpack-internal:///(app-pages-browser)/./node_modules/next/dist/client/components/not-found-boundary.js:84:62
LoadingBoundary@webpack-internal:///(app-pages-browser)/./node_modules/next/dist/client/components/layout-router.js:349:76
ErrorBoundary@webpack-internal:///(app-pages-browser)/./node_modules/next/dist/client/components/error-boundary.js:160:67
InnerScrollAndFocusHandler@webpack-internal:///(app-pages-browser)/./node_modules/next/dist/client/components/layout-router.js:153:9
ScrollAndFocusHandler@webpack-internal:///(app-pages-browser)/./node_modules/next/dist/client/components/layout-router.js:228:37
RenderFromTemplateContext@webpack-internal:///(app-pages-browser)/./node_modules/next/dist/client/components/render-from-template-context.js:16:44
OuterLayoutRouter@webpack-internal:///(app-pages-browser)/./node_modules/next/dist/client/components/layout-router.js:370:149
InnerLayoutRouter@webpack-internal:///(app-pages-browser)/./node_modules/next/dist/client/components/layout-router.js:244:18
RedirectErrorBoundary@webpack-internal:///(app-pages-browser)/./node_modules/next/dist/client/components/redirect-boundary.js:74:9
RedirectBoundary@webpack-internal:///(app-pages-browser)/./node_modules/next/dist/client/components/redirect-boundary.js:82:24
NotFoundBoundary@webpack-internal:///(app-pages-browser)/./node_modules/next/dist/client/components/not-found-boundary.js:84:62
LoadingBoundary@webpack-internal:///(app-pages-browser)/./node_modules/next/dist/client/components/layout-router.js:349:76
ErrorBoundary@webpack-internal:///(app-pages-browser)/./node_modules/next/dist/client/components/error-boundary.js:160:67
InnerScrollAndFocusHandler@webpack-internal:///(app-pages-browser)/./node_modules/next/dist/client/components/layout-router.js:153:9
ScrollAndFocusHandler@webpack-internal:///(app-pages-browser)/./node_modules/next/dist/client/components/layout-router.js:228:37
RenderFromTemplateContext@webpack-internal:///(app-pages-browser)/./node_modules/next/dist/client/components/render-from-template-context.js:16:44
OuterLayoutRouter@webpack-internal:///(app-pages-browser)/./node_modules/next/dist/client/components/layout-router.js:370:149
InnerLayoutRouter@webpack-internal:///(app-pages-browser)/./node_modules/next/dist/client/components/layout-router.js:244:18
RedirectErrorBoundary@webpack-internal:///(app-pages-browser)/./node_modules/next/dist/client/components/redirect-boundary.js:74:9
RedirectBoundary@webpack-internal:///(app-pages-browser)/./node_modules/next/dist/client/components/redirect-boundary.js:82:24
NotFoundErrorBoundary@webpack-internal:///(app-pages-browser)/./node_modules/next/dist/client/components/not-found-boundary.js:76:9
NotFoundBoundary@webpack-internal:///(app-pages-browser)/./node_modules/next/dist/client/components/not-found-boundary.js:84:62
LoadingBoundary@webpack-internal:///(app-pages-browser)/./node_modules/next/dist/client/components/layout-router.js:349:76
ErrorBoundary@webpack-internal:///(app-pages-browser)/./node_modules/next/dist/client/components/error-boundary.js:160:67
InnerScrollAndFocusHandler@webpack-internal:///(app-pages-browser)/./node_modules/next/dist/client/components/layout-router.js:153:9
ScrollAndFocusHandler@webpack-internal:///(app-pages-browser)/./node_modules/next/dist/client/components/layout-router.js:228:37
RenderFromTemplateContext@webpack-internal:///(app-pages-browser)/./node_modules/next/dist/client/components/render-from-template-context.js:16:44
OuterLayoutRouter@webpack-internal:///(app-pages-browser)/./node_modules/next/dist/client/components/layout-router.js:370:149
body
html
RootLayout (Server)
RedirectErrorBoundary@webpack-internal:///(app-pages-browser)/./node_modules/next/dist/client/components/redirect-boundary.js:74:9
RedirectBoundary@webpack-internal:///(app-pages-browser)/./node_modules/next/dist/client/components/redirect-boundary.js:82:24
NotFoundErrorBoundary@webpack-internal:///(app-pages-browser)/./node_modules/next/dist/client/components/not-found-boundary.js:76:9
NotFoundBoundary@webpack-internal:///(app-pages-browser)/./node_modules/next/dist/client/components/not-found-boundary.js:84:62
DevRootNotFoundBoundary@webpack-internal:///(app-pages-browser)/./node_modules/next/dist/client/components/dev-root-not-found-boundary.js:33:24
ReactDevOverlay@webpack-internal:///(app-pages-browser)/./node_modules/next/dist/client/components/react-dev-overlay/app/ReactDevOverlay.js:87:9
HotReload@webpack-internal:///(app-pages-browser)/./node_modules/next/dist/client/components/react-dev-overlay/app/hot-reloader-client.js:321:37
Router@webpack-internal:///(app-pages-browser)/./node_modules/next/dist/client/components/app-router.js:207:123
ErrorBoundaryHandler@webpack-internal:///(app-pages-browser)/./node_modules/next/dist/client/components/error-boundary.js:113:9
ErrorBoundary@webpack-internal:///(app-pages-browser)/./node_modules/next/dist/client/components/error-boundary.js:160:67
AppRouter@webpack-internal:///(app-pages-browser)/./node_modules/next/dist/client/components/app-router.js:585:47
ServerRoot@webpack-internal:///(app-pages-browser)/./node_modules/next/dist/client/app-index.js:112:27
Root@webpack-internal:///(app-pages-browser)/./node_modules/next/dist/client/app-index.js:117:24 @ webpack-internal:///(app-pages-browser)/./node_modules/next/dist/client/app-index.js:32
[    2544ms] [ERROR] Warning: An error occurred during hydration. The server HTML was replaced with client content in <#document>. @ webpack-internal:///(app-pages-browser)/./node_modules/next/dist/client/app-index.js:32
[    2574ms] Error: Text content does not match server-rendered HTML.
    at checkForUnmatchedText (webpack-internal:///(app-pages-browser)/./node_modules/next/dist/compiled/react-dom/cjs/react-dom.development.js:32797:11)
    at diffHydratedProperties (webpack-internal:///(app-pages-browser)/./node_modules/next/dist/compiled/react-dom/cjs/react-dom.development.js:35055:30)
    at hydrateInstance (webpack-internal:///(app-pages-browser)/./node_modules/next/dist/compiled/react-dom/cjs/react-dom.development.js:36127:25)
    at prepareToHydrateHostInstance (webpack-internal:///(app-pages-browser)/./node_modules/next/dist/compiled/react-dom/cjs/react-dom.development.js:7246:18)
    at completeWork (webpack-internal:///(app-pages-browser)/./node_modules/next/dist/compiled/react-dom/cjs/react-dom.development.js:19769:41)
    at completeUnitOfWork (webpack-internal:///(app-pages-browser)/./node_modules/next/dist/compiled/react-dom/cjs/react-dom.development.js:25963:14)
    at performUnitOfWork (webpack-internal:///(app-pages-browser)/./node_modules/next/dist/compiled/react-dom/cjs/react-dom.development.js:25759:23)
    at workLoopConcurrent (webpack-internal:///(app-pages-browser)/./node_modules/next/dist/compiled/react-dom/cjs/react-dom.development.js:25734:22)
    at renderRootConcurrent (webpack-internal:///(app-pages-browser)/./node_modules/next/dist/compiled/react-dom/cjs/react-dom.development.js:25690:9)
    at performConcurrentWorkOnRoot (webpack-internal:///(app-pages-browser)/./node_modules/next/dist/compiled/react-dom/cjs/react-dom.development.js:24504:38)
    at workLoop (webpack-internal:///(app-pages-browser)/./node_modules/next/dist/compiled/scheduler/cjs/scheduler.development.js:256:42)
    at flushWork (webpack-internal:///(app-pages-browser)/./node_modules/next/dist/compiled/scheduler/cjs/scheduler.development.js:225:14)
    at performWorkUntilDeadline (webpack-internal:///(app-pages-browser)/./node_modules/next/dist/compiled/scheduler/cjs/scheduler.development.js:534:21)
    at EventHandlerNonNull* (webpack-internal:///(app-pages-browser)/./node_modules/next/dist/compiled/scheduler/cjs/scheduler.development.js:569:3)
    at  (webpack-internal:///(app-pages-browser)/./node_modules/next/dist/compiled/scheduler/cjs/scheduler.development.js:630:5)
    at (app-pages-browser)/./node_modules/next/dist/compiled/scheduler/cjs/scheduler.development.js (http://localhost:3001/_next/static/chunks/main-app.js?v=1770420795873:113:1)
    at options.factory (http://localhost:3001/_next/static/chunks/webpack.js?v=1770420795873:715:31)
    at __webpack_require__ (http://localhost:3001/_next/static/chunks/webpack.js?v=1770420795873:37:33)
    at fn (http://localhost:3001/_next/static/chunks/webpack.js?v=1770420795873:371:21)
    at  (webpack-internal:///(app-pages-browser)/./node_modules/next/dist/compiled/scheduler/index.js:4:20)
    at (app-pages-browser)/./node_modules/next/dist/compiled/scheduler/index.js (http://localhost:3001/_next/static/chunks/main-app.js?v=1770420795873:124:1)
    at options.factory (http://localhost:3001/_next/static/chunks/webpack.js?v=1770420795873:715:31)
    at __webpack_require__ (http://localhost:3001/_next/static/chunks/webpack.js?v=1770420795873:37:33)
    at fn (http://localhost:3001/_next/static/chunks/webpack.js?v=1770420795873:371:21)
    at  (webpack-internal:///(app-pages-browser)/./node_modules/next/dist/compiled/react-dom/cjs/react-dom.development.js:27:36)
    at  (webpack-internal:///(app-pages-browser)/./node_modules/next/dist/compiled/react-dom/cjs/react-dom.development.js:38595:5)
    at (app-pages-browser)/./node_modules/next/dist/compiled/react-dom/cjs/react-dom.development.js (http://localhost:3001/_next/static/chunks/main-app.js?v=1770420795873:1847:1)
    at options.factory (http://localhost:3001/_next/static/chunks/webpack.js?v=1770420795873:715:31)
    at __webpack_require__ (http://localhost:3001/_next/static/chunks/webpack.js?v=1770420795873:37:33)
    at fn (http://localhost:3001/_next/static/chunks/webpack.js?v=1770420795873:371:21)
    at  (webpack-internal:///(app-pages-browser)/./node_modules/next/dist/compiled/react-dom/index.js:32:20)
    at (app-pages-browser)/./node_modules/next/dist/compiled/react-dom/index.js (http://localhost:3001/_next/static/chunks/main-app.js?v=1770420795873:1869:1)
    at options.factory (http://localhost:3001/_next/static/chunks/webpack.js?v=1770420795873:715:31)
    at __webpack_require__ (http://localhost:3001/_next/static/chunks/webpack.js?v=1770420795873:37:33)
    at fn (http://localhost:3001/_next/static/chunks/webpack.js?v=1770420795873:371:21)
    at  (webpack-internal:///(app-pages-browser)/./node_modules/next/dist/compiled/react-dom/client.js:3:28)
    at (app-pages-browser)/./node_modules/next/dist/compiled/react-dom/client.js (http://localhost:3001/_next/static/chunks/main-app.js?v=1770420795873:1858:1)
    at options.factory (http://localhost:3001/_next/static/chunks/webpack.js?v=1770420795873:715:31)
    at __webpack_require__ (http://localhost:3001/_next/static/chunks/webpack.js?v=1770420795873:37:33)
    at fn (http://localhost:3001/_next/static/chunks/webpack.js?v=1770420795873:371:21)
    at  (webpack-internal:///(app-pages-browser)/./node_modules/next/dist/client/app-index.js:15:58)
    at (app-pages-browser)/./node_modules/next/dist/client/app-index.js (http://localhost:3001/_next/static/chunks/main-app.js?v=1770420795873:244:1)
    at options.factory (http://localhost:3001/_next/static/chunks/webpack.js?v=1770420795873:715:31)
    at __webpack_require__ (http://localhost:3001/_next/static/chunks/webpack.js?v=1770420795873:37:33)
    at fn (http://localhost:3001/_next/static/chunks/webpack.js?v=1770420795873:371:21)
    at  (webpack-internal:///(app-pages-browser)/./node_modules/next/dist/client/app-next-dev.js:9:44)
    at appBootstrap/< (webpack-internal:///(app-pages-browser)/./node_modules/next/dist/client/app-bootstrap.js:57:9)
    at loadScriptsInSequence (webpack-internal:///(app-pages-browser)/./node_modules/next/dist/client/app-bootstrap.js:23:16)
    at appBootstrap (webpack-internal:///(app-pages-browser)/./node_modules/next/dist/client/app-bootstrap.js:56:26)
    at  (webpack-internal:///(app-pages-browser)/./node_modules/next/dist/client/app-next-dev.js:8:32)
    at (app-pages-browser)/./node_modules/next/dist/client/app-next-dev.js (http://localhost:3001/_next/static/chunks/main-app.js?v=1770420795873:266:1)
    at options.factory (http://localhost:3001/_next/static/chunks/webpack.js?v=1770420795873:715:31)
    at __webpack_require__ (http://localhost:3001/_next/static/chunks/webpack.js?v=1770420795873:37:33)
    at __webpack_exec__ (http://localhost:3001/_next/static/chunks/main-app.js?v=1770420795873:2007:61)
    at  (http://localhost:3001/_next/static/chunks/main-app.js?v=1770420795873:2008:154)
    at webpackJsonpCallback (http://localhost:3001/_next/static/chunks/webpack.js?v=1770420795873:1387:46)
    at  (http://localhost:3001/_next/static/chunks/main-app.js?v=1770420795873:9:61)
[    2574ms] Error: Text content does not match server-rendered HTML.
See more info here: https://nextjs.org/docs/messages/react-hydration-error
    at checkForUnmatchedText (webpack-internal:///(app-pages-browser)/./node_modules/next/dist/compiled/react-dom/cjs/react-dom.development.js:32797:11)
    at diffHydratedProperties (webpack-internal:///(app-pages-browser)/./node_modules/next/dist/compiled/react-dom/cjs/react-dom.development.js:35055:30)
    at hydrateInstance (webpack-internal:///(app-pages-browser)/./node_modules/next/dist/compiled/react-dom/cjs/react-dom.development.js:36127:25)
    at prepareToHydrateHostInstance (webpack-internal:///(app-pages-browser)/./node_modules/next/dist/compiled/react-dom/cjs/react-dom.development.js:7246:18)
    at completeWork (webpack-internal:///(app-pages-browser)/./node_modules/next/dist/compiled/react-dom/cjs/react-dom.development.js:19769:41)
    at completeUnitOfWork (webpack-internal:///(app-pages-browser)/./node_modules/next/dist/compiled/react-dom/cjs/react-dom.development.js:25963:14)
    at performUnitOfWork (webpack-internal:///(app-pages-browser)/./node_modules/next/dist/compiled/react-dom/cjs/react-dom.development.js:25759:23)
    at workLoopConcurrent (webpack-internal:///(app-pages-browser)/./node_modules/next/dist/compiled/react-dom/cjs/react-dom.development.js:25734:22)
    at renderRootConcurrent (webpack-internal:///(app-pages-browser)/./node_modules/next/dist/compiled/react-dom/cjs/react-dom.development.js:25690:9)
    at performConcurrentWorkOnRoot (webpack-internal:///(app-pages-browser)/./node_modules/next/dist/compiled/react-dom/cjs/react-dom.development.js:24504:38)
    at workLoop (webpack-internal:///(app-pages-browser)/./node_modules/next/dist/compiled/scheduler/cjs/scheduler.development.js:256:42)
    at flushWork (webpack-internal:///(app-pages-browser)/./node_modules/next/dist/compiled/scheduler/cjs/scheduler.development.js:225:14)
    at performWorkUntilDeadline (webpack-internal:///(app-pages-browser)/./node_modules/next/dist/compiled/scheduler/cjs/scheduler.development.js:534:21)
    at EventHandlerNonNull* (webpack-internal:///(app-pages-browser)/./node_modules/next/dist/compiled/scheduler/cjs/scheduler.development.js:569:3)
    at  (webpack-internal:///(app-pages-browser)/./node_modules/next/dist/compiled/scheduler/cjs/scheduler.development.js:630:5)
    at (app-pages-browser)/./node_modules/next/dist/compiled/scheduler/cjs/scheduler.development.js (http://localhost:3001/_next/static/chunks/main-app.js?v=1770420795873:113:1)
    at options.factory (http://localhost:3001/_next/static/chunks/webpack.js?v=1770420795873:715:31)
    at __webpack_require__ (http://localhost:3001/_next/static/chunks/webpack.js?v=1770420795873:37:33)
    at fn (http://localhost:3001/_next/static/chunks/webpack.js?v=1770420795873:371:21)
    at  (webpack-internal:///(app-pages-browser)/./node_modules/next/dist/compiled/scheduler/index.js:4:20)
    at (app-pages-browser)/./node_modules/next/dist/compiled/scheduler/index.js (http://localhost:3001/_next/static/chunks/main-app.js?v=1770420795873:124:1)
    at options.factory (http://localhost:3001/_next/static/chunks/webpack.js?v=1770420795873:715:31)
    at __webpack_require__ (http://localhost:3001/_next/static/chunks/webpack.js?v=1770420795873:37:33)
    at fn (http://localhost:3001/_next/static/chunks/webpack.js?v=1770420795873:371:21)
    at  (webpack-internal:///(app-pages-browser)/./node_modules/next/dist/compiled/react-dom/cjs/react-dom.development.js:27:36)
    at  (webpack-internal:///(app-pages-browser)/./node_modules/next/dist/compiled/react-dom/cjs/react-dom.development.js:38595:5)
    at (app-pages-browser)/./node_modules/next/dist/compiled/react-dom/cjs/react-dom.development.js (http://localhost:3001/_next/static/chunks/main-app.js?v=1770420795873:1847:1)
    at options.factory (http://localhost:3001/_next/static/chunks/webpack.js?v=1770420795873:715:31)
    at __webpack_require__ (http://localhost:3001/_next/static/chunks/webpack.js?v=1770420795873:37:33)
    at fn (http://localhost:3001/_next/static/chunks/webpack.js?v=1770420795873:371:21)
    at  (webpack-internal:///(app-pages-browser)/./node_modules/next/dist/compiled/react-dom/index.js:32:20)
    at (app-pages-browser)/./node_modules/next/dist/compiled/react-dom/index.js (http://localhost:3001/_next/static/chunks/main-app.js?v=1770420795873:1869:1)
    at options.factory (http://localhost:3001/_next/static/chunks/webpack.js?v=1770420795873:715:31)
    at __webpack_require__ (http://localhost:3001/_next/static/chunks/webpack.js?v=1770420795873:37:33)
    at fn (http://localhost:3001/_next/static/chunks/webpack.js?v=1770420795873:371:21)
    at  (webpack-internal:///(app-pages-browser)/./node_modules/next/dist/compiled/react-dom/client.js:3:28)
    at (app-pages-browser)/./node_modules/next/dist/compiled/react-dom/client.js (http://localhost:3001/_next/static/chunks/main-app.js?v=1770420795873:1858:1)
    at options.factory (http://localhost:3001/_next/static/chunks/webpack.js?v=1770420795873:715:31)
    at __webpack_require__ (http://localhost:3001/_next/static/chunks/webpack.js?v=1770420795873:37:33)
    at fn (http://localhost:3001/_next/static/chunks/webpack.js?v=1770420795873:371:21)
    at  (webpack-internal:///(app-pages-browser)/./node_modules/next/dist/client/app-index.js:15:58)
    at (app-pages-browser)/./node_modules/next/dist/client/app-index.js (http://localhost:3001/_next/static/chunks/main-app.js?v=1770420795873:244:1)
    at options.factory (http://localhost:3001/_next/static/chunks/webpack.js?v=1770420795873:715:31)
    at __webpack_require__ (http://localhost:3001/_next/static/chunks/webpack.js?v=1770420795873:37:33)
    at fn (http://localhost:3001/_next/static/chunks/webpack.js?v=1770420795873:371:21)
    at  (webpack-internal:///(app-pages-browser)/./node_modules/next/dist/client/app-next-dev.js:9:44)
    at appBootstrap/< (webpack-internal:///(app-pages-browser)/./node_modules/next/dist/client/app-bootstrap.js:57:9)
    at loadScriptsInSequence (webpack-internal:///(app-pages-browser)/./node_modules/next/dist/client/app-bootstrap.js:23:16)
    at appBootstrap (webpack-internal:///(app-pages-browser)/./node_modules/next/dist/client/app-bootstrap.js:56:26)
    at  (webpack-internal:///(app-pages-browser)/./node_modules/next/dist/client/app-next-dev.js:8:32)
    at (app-pages-browser)/./node_modules/next/dist/client/app-next-dev.js (http://localhost:3001/_next/static/chunks/main-app.js?v=1770420795873:266:1)
    at options.factory (http://localhost:3001/_next/static/chunks/webpack.js?v=1770420795873:715:31)
    at __webpack_require__ (http://localhost:3001/_next/static/chunks/webpack.js?v=1770420795873:37:33)
    at __webpack_exec__ (http://localhost:3001/_next/static/chunks/main-app.js?v=1770420795873:2007:61)
    at  (http://localhost:3001/_next/static/chunks/main-app.js?v=1770420795873:2008:154)
    at webpackJsonpCallback (http://localhost:3001/_next/static/chunks/webpack.js?v=1770420795873:1387:46)
    at  (http://localhost:3001/_next/static/chunks/main-app.js?v=1770420795873:9:61)
[    2574ms] Error: Text content does not match server-rendered HTML.
See more info here: https://nextjs.org/docs/messages/react-hydration-error
    at checkForUnmatchedText (webpack-internal:///(app-pages-browser)/./node_modules/next/dist/compiled/react-dom/cjs/react-dom.development.js:32797:11)
    at diffHydratedProperties (webpack-internal:///(app-pages-browser)/./node_modules/next/dist/compiled/react-dom/cjs/react-dom.development.js:35055:30)
    at hydrateInstance (webpack-internal:///(app-pages-browser)/./node_modules/next/dist/compiled/react-dom/cjs/react-dom.development.js:36127:25)
    at prepareToHydrateHostInstance (webpack-internal:///(app-pages-browser)/./node_modules/next/dist/compiled/react-dom/cjs/react-dom.development.js:7246:18)
    at completeWork (webpack-internal:///(app-pages-browser)/./node_modules/next/dist/compiled/react-dom/cjs/react-dom.development.js:19769:41)
    at completeUnitOfWork (webpack-internal:///(app-pages-browser)/./node_modules/next/dist/compiled/react-dom/cjs/react-dom.development.js:25963:14)
    at performUnitOfWork (webpack-internal:///(app-pages-browser)/./node_modules/next/dist/compiled/react-dom/cjs/react-dom.development.js:25759:23)
    at workLoopConcurrent (webpack-internal:///(app-pages-browser)/./node_modules/next/dist/compiled/react-dom/cjs/react-dom.development.js:25734:22)
    at renderRootConcurrent (webpack-internal:///(app-pages-browser)/./node_modules/next/dist/compiled/react-dom/cjs/react-dom.development.js:25690:9)
    at performConcurrentWorkOnRoot (webpack-internal:///(app-pages-browser)/./node_modules/next/dist/compiled/react-dom/cjs/react-dom.development.js:24504:38)
    at workLoop (webpack-internal:///(app-pages-browser)/./node_modules/next/dist/compiled/scheduler/cjs/scheduler.development.js:256:42)
    at flushWork (webpack-internal:///(app-pages-browser)/./node_modules/next/dist/compiled/scheduler/cjs/scheduler.development.js:225:14)
    at performWorkUntilDeadline (webpack-internal:///(app-pages-browser)/./node_modules/next/dist/compiled/scheduler/cjs/scheduler.development.js:534:21)
    at EventHandlerNonNull* (webpack-internal:///(app-pages-browser)/./node_modules/next/dist/compiled/scheduler/cjs/scheduler.development.js:569:3)
    at  (webpack-internal:///(app-pages-browser)/./node_modules/next/dist/compiled/scheduler/cjs/scheduler.development.js:630:5)
    at (app-pages-browser)/./node_modules/next/dist/compiled/scheduler/cjs/scheduler.development.js (http://localhost:3001/_next/static/chunks/main-app.js?v=1770420795873:113:1)
    at options.factory (http://localhost:3001/_next/static/chunks/webpack.js?v=1770420795873:715:31)
    at __webpack_require__ (http://localhost:3001/_next/static/chunks/webpack.js?v=1770420795873:37:33)
    at fn (http://localhost:3001/_next/static/chunks/webpack.js?v=1770420795873:371:21)
    at  (webpack-internal:///(app-pages-browser)/./node_modules/next/dist/compiled/scheduler/index.js:4:20)
    at (app-pages-browser)/./node_modules/next/dist/compiled/scheduler/index.js (http://localhost:3001/_next/static/chunks/main-app.js?v=1770420795873:124:1)
    at options.factory (http://localhost:3001/_next/static/chunks/webpack.js?v=1770420795873:715:31)
    at __webpack_require__ (http://localhost:3001/_next/static/chunks/webpack.js?v=1770420795873:37:33)
    at fn (http://localhost:3001/_next/static/chunks/webpack.js?v=1770420795873:371:21)
    at  (webpack-internal:///(app-pages-browser)/./node_modules/next/dist/compiled/react-dom/cjs/react-dom.development.js:27:36)
    at  (webpack-internal:///(app-pages-browser)/./node_modules/next/dist/compiled/react-dom/cjs/react-dom.development.js:38595:5)
    at (app-pages-browser)/./node_modules/next/dist/compiled/react-dom/cjs/react-dom.development.js (http://localhost:3001/_next/static/chunks/main-app.js?v=1770420795873:1847:1)
    at options.factory (http://localhost:3001/_next/static/chunks/webpack.js?v=1770420795873:715:31)
    at __webpack_require__ (http://localhost:3001/_next/static/chunks/webpack.js?v=1770420795873:37:33)
    at fn (http://localhost:3001/_next/static/chunks/webpack.js?v=1770420795873:371:21)
    at  (webpack-internal:///(app-pages-browser)/./node_modules/next/dist/compiled/react-dom/index.js:32:20)
    at (app-pages-browser)/./node_modules/next/dist/compiled/react-dom/index.js (http://localhost:3001/_next/static/chunks/main-app.js?v=1770420795873:1869:1)
    at options.factory (http://localhost:3001/_next/static/chunks/webpack.js?v=1770420795873:715:31)
    at __webpack_require__ (http://localhost:3001/_next/static/chunks/webpack.js?v=1770420795873:37:33)
    at fn (http://localhost:3001/_next/static/chunks/webpack.js?v=1770420795873:371:21)
    at  (webpack-internal:///(app-pages-browser)/./node_modules/next/dist/compiled/react-dom/client.js:3:28)
    at (app-pages-browser)/./node_modules/next/dist/compiled/react-dom/client.js (http://localhost:3001/_next/static/chunks/main-app.js?v=1770420795873:1858:1)
    at options.factory (http://localhost:3001/_next/static/chunks/webpack.js?v=1770420795873:715:31)
    at __webpack_require__ (http://localhost:3001/_next/static/chunks/webpack.js?v=1770420795873:37:33)
    at fn (http://localhost:3001/_next/static/chunks/webpack.js?v=1770420795873:371:21)
    at  (webpack-internal:///(app-pages-browser)/./node_modules/next/dist/client/app-index.js:15:58)
    at (app-pages-browser)/./node_modules/next/dist/client/app-index.js (http://localhost:3001/_next/static/chunks/main-app.js?v=1770420795873:244:1)
    at options.factory (http://localhost:3001/_next/static/chunks/webpack.js?v=1770420795873:715:31)
    at __webpack_require__ (http://localhost:3001/_next/static/chunks/webpack.js?v=1770420795873:37:33)
    at fn (http://localhost:3001/_next/static/chunks/webpack.js?v=1770420795873:371:21)
    at  (webpack-internal:///(app-pages-browser)/./node_modules/next/dist/client/app-next-dev.js:9:44)
    at appBootstrap/< (webpack-internal:///(app-pages-browser)/./node_modules/next/dist/client/app-bootstrap.js:57:9)
    at loadScriptsInSequence (webpack-internal:///(app-pages-browser)/./node_modules/next/dist/client/app-bootstrap.js:23:16)
    at appBootstrap (webpack-internal:///(app-pages-browser)/./node_modules/next/dist/client/app-bootstrap.js:56:26)
    at  (webpack-internal:///(app-pages-browser)/./node_modules/next/dist/client/app-next-dev.js:8:32)
    at (app-pages-browser)/./node_modules/next/dist/client/app-next-dev.js (http://localhost:3001/_next/static/chunks/main-app.js?v=1770420795873:266:1)
    at options.factory (http://localhost:3001/_next/static/chunks/webpack.js?v=1770420795873:715:31)
    at __webpack_require__ (http://localhost:3001/_next/static/chunks/webpack.js?v=1770420795873:37:33)
    at __webpack_exec__ (http://localhost:3001/_next/static/chunks/main-app.js?v=1770420795873:2007:61)
    at  (http://localhost:3001/_next/static/chunks/main-app.js?v=1770420795873:2008:154)
    at webpackJsonpCallback (http://localhost:3001/_next/static/chunks/webpack.js?v=1770420795873:1387:46)
    at  (http://localhost:3001/_next/static/chunks/main-app.js?v=1770420795873:9:61)
[    2574ms] Error: Text content does not match server-rendered HTML.
See more info here: https://nextjs.org/docs/messages/react-hydration-error
    at checkForUnmatchedText (webpack-internal:///(app-pages-browser)/./node_modules/next/dist/compiled/react-dom/cjs/react-dom.development.js:32797:11)
    at diffHydratedProperties (webpack-internal:///(app-pages-browser)/./node_modules/next/dist/compiled/react-dom/cjs/react-dom.development.js:35055:30)
    at hydrateInstance (webpack-internal:///(app-pages-browser)/./node_modules/next/dist/compiled/react-dom/cjs/react-dom.development.js:36127:25)
    at prepareToHydrateHostInstance (webpack-internal:///(app-pages-browser)/./node_modules/next/dist/compiled/react-dom/cjs/react-dom.development.js:7246:18)
    at completeWork (webpack-internal:///(app-pages-browser)/./node_modules/next/dist/compiled/react-dom/cjs/react-dom.development.js:19769:41)
    at completeUnitOfWork (webpack-internal:///(app-pages-browser)/./node_modules/next/dist/compiled/react-dom/cjs/react-dom.development.js:25963:14)
    at performUnitOfWork (webpack-internal:///(app-pages-browser)/./node_modules/next/dist/compiled/react-dom/cjs/react-dom.development.js:25759:23)
    at workLoopConcurrent (webpack-internal:///(app-pages-browser)/./node_modules/next/dist/compiled/react-dom/cjs/react-dom.development.js:25734:22)
    at renderRootConcurrent (webpack-internal:///(app-pages-browser)/./node_modules/next/dist/compiled/react-dom/cjs/react-dom.development.js:25690:9)
    at performConcurrentWorkOnRoot (webpack-internal:///(app-pages-browser)/./node_modules/next/dist/compiled/react-dom/cjs/react-dom.development.js:24504:38)
    at workLoop (webpack-internal:///(app-pages-browser)/./node_modules/next/dist/compiled/scheduler/cjs/scheduler.development.js:256:42)
    at flushWork (webpack-internal:///(app-pages-browser)/./node_modules/next/dist/compiled/scheduler/cjs/scheduler.development.js:225:14)
    at performWorkUntilDeadline (webpack-internal:///(app-pages-browser)/./node_modules/next/dist/compiled/scheduler/cjs/scheduler.development.js:534:21)
    at EventHandlerNonNull* (webpack-internal:///(app-pages-browser)/./node_modules/next/dist/compiled/scheduler/cjs/scheduler.development.js:569:3)
    at  (webpack-internal:///(app-pages-browser)/./node_modules/next/dist/compiled/scheduler/cjs/scheduler.development.js:630:5)
    at (app-pages-browser)/./node_modules/next/dist/compiled/scheduler/cjs/scheduler.development.js (http://localhost:3001/_next/static/chunks/main-app.js?v=1770420795873:113:1)
    at options.factory (http://localhost:3001/_next/static/chunks/webpack.js?v=1770420795873:715:31)
    at __webpack_require__ (http://localhost:3001/_next/static/chunks/webpack.js?v=1770420795873:37:33)
    at fn (http://localhost:3001/_next/static/chunks/webpack.js?v=1770420795873:371:21)
    at  (webpack-internal:///(app-pages-browser)/./node_modules/next/dist/compiled/scheduler/index.js:4:20)
    at (app-pages-browser)/./node_modules/next/dist/compiled/scheduler/index.js (http://localhost:3001/_next/static/chunks/main-app.js?v=1770420795873:124:1)
    at options.factory (http://localhost:3001/_next/static/chunks/webpack.js?v=1770420795873:715:31)
    at __webpack_require__ (http://localhost:3001/_next/static/chunks/webpack.js?v=1770420795873:37:33)
    at fn (http://localhost:3001/_next/static/chunks/webpack.js?v=1770420795873:371:21)
    at  (webpack-internal:///(app-pages-browser)/./node_modules/next/dist/compiled/react-dom/cjs/react-dom.development.js:27:36)
    at  (webpack-internal:///(app-pages-browser)/./node_modules/next/dist/compiled/react-dom/cjs/react-dom.development.js:38595:5)
    at (app-pages-browser)/./node_modules/next/dist/compiled/react-dom/cjs/react-dom.development.js (http://localhost:3001/_next/static/chunks/main-app.js?v=1770420795873:1847:1)
    at options.factory (http://localhost:3001/_next/static/chunks/webpack.js?v=1770420795873:715:31)
    at __webpack_require__ (http://localhost:3001/_next/static/chunks/webpack.js?v=1770420795873:37:33)
    at fn (http://localhost:3001/_next/static/chunks/webpack.js?v=1770420795873:371:21)
    at  (webpack-internal:///(app-pages-browser)/./node_modules/next/dist/compiled/react-dom/index.js:32:20)
    at (app-pages-browser)/./node_modules/next/dist/compiled/react-dom/index.js (http://localhost:3001/_next/static/chunks/main-app.js?v=1770420795873:1869:1)
    at options.factory (http://localhost:3001/_next/static/chunks/webpack.js?v=1770420795873:715:31)
    at __webpack_require__ (http://localhost:3001/_next/static/chunks/webpack.js?v=1770420795873:37:33)
    at fn (http://localhost:3001/_next/static/chunks/webpack.js?v=1770420795873:371:21)
    at  (webpack-internal:///(app-pages-browser)/./node_modules/next/dist/compiled/react-dom/client.js:3:28)
    at (app-pages-browser)/./node_modules/next/dist/compiled/react-dom/client.js (http://localhost:3001/_next/static/chunks/main-app.js?v=1770420795873:1858:1)
    at options.factory (http://localhost:3001/_next/static/chunks/webpack.js?v=1770420795873:715:31)
    at __webpack_require__ (http://localhost:3001/_next/static/chunks/webpack.js?v=1770420795873:37:33)
    at fn (http://localhost:3001/_next/static/chunks/webpack.js?v=1770420795873:371:21)
    at  (webpack-internal:///(app-pages-browser)/./node_modules/next/dist/client/app-index.js:15:58)
    at (app-pages-browser)/./node_modules/next/dist/client/app-index.js (http://localhost:3001/_next/static/chunks/main-app.js?v=1770420795873:244:1)
    at options.factory (http://localhost:3001/_next/static/chunks/webpack.js?v=1770420795873:715:31)
    at __webpack_require__ (http://localhost:3001/_next/static/chunks/webpack.js?v=1770420795873:37:33)
    at fn (http://localhost:3001/_next/static/chunks/webpack.js?v=1770420795873:371:21)
    at  (webpack-internal:///(app-pages-browser)/./node_modules/next/dist/client/app-next-dev.js:9:44)
    at appBootstrap/< (webpack-internal:///(app-pages-browser)/./node_modules/next/dist/client/app-bootstrap.js:57:9)
    at loadScriptsInSequence (webpack-internal:///(app-pages-browser)/./node_modules/next/dist/client/app-bootstrap.js:23:16)
    at appBootstrap (webpack-internal:///(app-pages-browser)/./node_modules/next/dist/client/app-bootstrap.js:56:26)
    at  (webpack-internal:///(app-pages-browser)/./node_modules/next/dist/client/app-next-dev.js:8:32)
    at (app-pages-browser)/./node_modules/next/dist/client/app-next-dev.js (http://localhost:3001/_next/static/chunks/main-app.js?v=1770420795873:266:1)
    at options.factory (http://localhost:3001/_next/static/chunks/webpack.js?v=1770420795873:715:31)
    at __webpack_require__ (http://localhost:3001/_next/static/chunks/webpack.js?v=1770420795873:37:33)
    at __webpack_exec__ (http://localhost:3001/_next/static/chunks/main-app.js?v=1770420795873:2007:61)
    at  (http://localhost:3001/_next/static/chunks/main-app.js?v=1770420795873:2008:154)
    at webpackJsonpCallback (http://localhost:3001/_next/static/chunks/webpack.js?v=1770420795873:1387:46)
    at  (http://localhost:3001/_next/static/chunks/main-app.js?v=1770420795873:9:61)
[    2575ms] Error: Text content does not match server-rendered HTML.
See more info here: https://nextjs.org/docs/messages/react-hydration-error
    at checkForUnmatchedText (webpack-internal:///(app-pages-browser)/./node_modules/next/dist/compiled/react-dom/cjs/react-dom.development.js:32797:11)
    at diffHydratedProperties (webpack-internal:///(app-pages-browser)/./node_modules/next/dist/compiled/react-dom/cjs/react-dom.development.js:35055:30)
    at hydrateInstance (webpack-internal:///(app-pages-browser)/./node_modules/next/dist/compiled/react-dom/cjs/react-dom.development.js:36127:25)
    at prepareToHydrateHostInstance (webpack-internal:///(app-pages-browser)/./node_modules/next/dist/compiled/react-dom/cjs/react-dom.development.js:7246:18)
    at completeWork (webpack-internal:///(app-pages-browser)/./node_modules/next/dist/compiled/react-dom/cjs/react-dom.development.js:19769:41)
    at completeUnitOfWork (webpack-internal:///(app-pages-browser)/./node_modules/next/dist/compiled/react-dom/cjs/react-dom.development.js:25963:14)
    at performUnitOfWork (webpack-internal:///(app-pages-browser)/./node_modules/next/dist/compiled/react-dom/cjs/react-dom.development.js:25759:23)
    at workLoopConcurrent (webpack-internal:///(app-pages-browser)/./node_modules/next/dist/compiled/react-dom/cjs/react-dom.development.js:25734:22)
    at renderRootConcurrent (webpack-internal:///(app-pages-browser)/./node_modules/next/dist/compiled/react-dom/cjs/react-dom.development.js:25690:9)
    at performConcurrentWorkOnRoot (webpack-internal:///(app-pages-browser)/./node_modules/next/dist/compiled/react-dom/cjs/react-dom.development.js:24504:38)
    at workLoop (webpack-internal:///(app-pages-browser)/./node_modules/next/dist/compiled/scheduler/cjs/scheduler.development.js:256:42)
    at flushWork (webpack-internal:///(app-pages-browser)/./node_modules/next/dist/compiled/scheduler/cjs/scheduler.development.js:225:14)
    at performWorkUntilDeadline (webpack-internal:///(app-pages-browser)/./node_modules/next/dist/compiled/scheduler/cjs/scheduler.development.js:534:21)
    at EventHandlerNonNull* (webpack-internal:///(app-pages-browser)/./node_modules/next/dist/compiled/scheduler/cjs/scheduler.development.js:569:3)
    at  (webpack-internal:///(app-pages-browser)/./node_modules/next/dist/compiled/scheduler/cjs/scheduler.development.js:630:5)
    at (app-pages-browser)/./node_modules/next/dist/compiled/scheduler/cjs/scheduler.development.js (http://localhost:3001/_next/static/chunks/main-app.js?v=1770420795873:113:1)
    at options.factory (http://localhost:3001/_next/static/chunks/webpack.js?v=1770420795873:715:31)
    at __webpack_require__ (http://localhost:3001/_next/static/chunks/webpack.js?v=1770420795873:37:33)
    at fn (http://localhost:3001/_next/static/chunks/webpack.js?v=1770420795873:371:21)
    at  (webpack-internal:///(app-pages-browser)/./node_modules/next/dist/compiled/scheduler/index.js:4:20)
    at (app-pages-browser)/./node_modules/next/dist/compiled/scheduler/index.js (http://localhost:3001/_next/static/chunks/main-app.js?v=1770420795873:124:1)
    at options.factory (http://localhost:3001/_next/static/chunks/webpack.js?v=1770420795873:715:31)
    at __webpack_require__ (http://localhost:3001/_next/static/chunks/webpack.js?v=1770420795873:37:33)
    at fn (http://localhost:3001/_next/static/chunks/webpack.js?v=1770420795873:371:21)
    at  (webpack-internal:///(app-pages-browser)/./node_modules/next/dist/compiled/react-dom/cjs/react-dom.development.js:27:36)
    at  (webpack-internal:///(app-pages-browser)/./node_modules/next/dist/compiled/react-dom/cjs/react-dom.development.js:38595:5)
    at (app-pages-browser)/./node_modules/next/dist/compiled/react-dom/cjs/react-dom.development.js (http://localhost:3001/_next/static/chunks/main-app.js?v=1770420795873:1847:1)
    at options.factory (http://localhost:3001/_next/static/chunks/webpack.js?v=1770420795873:715:31)
    at __webpack_require__ (http://localhost:3001/_next/static/chunks/webpack.js?v=1770420795873:37:33)
    at fn (http://localhost:3001/_next/static/chunks/webpack.js?v=1770420795873:371:21)
    at  (webpack-internal:///(app-pages-browser)/./node_modules/next/dist/compiled/react-dom/index.js:32:20)
    at (app-pages-browser)/./node_modules/next/dist/compiled/react-dom/index.js (http://localhost:3001/_next/static/chunks/main-app.js?v=1770420795873:1869:1)
    at options.factory (http://localhost:3001/_next/static/chunks/webpack.js?v=1770420795873:715:31)
    at __webpack_require__ (http://localhost:3001/_next/static/chunks/webpack.js?v=1770420795873:37:33)
    at fn (http://localhost:3001/_next/static/chunks/webpack.js?v=1770420795873:371:21)
    at  (webpack-internal:///(app-pages-browser)/./node_modules/next/dist/compiled/react-dom/client.js:3:28)
    at (app-pages-browser)/./node_modules/next/dist/compiled/react-dom/client.js (http://localhost:3001/_next/static/chunks/main-app.js?v=1770420795873:1858:1)
    at options.factory (http://localhost:3001/_next/static/chunks/webpack.js?v=1770420795873:715:31)
    at __webpack_require__ (http://localhost:3001/_next/static/chunks/webpack.js?v=1770420795873:37:33)
    at fn (http://localhost:3001/_next/static/chunks/webpack.js?v=1770420795873:371:21)
    at  (webpack-internal:///(app-pages-browser)/./node_modules/next/dist/client/app-index.js:15:58)
    at (app-pages-browser)/./node_modules/next/dist/client/app-index.js (http://localhost:3001/_next/static/chunks/main-app.js?v=1770420795873:244:1)
    at options.factory (http://localhost:3001/_next/static/chunks/webpack.js?v=1770420795873:715:31)
    at __webpack_require__ (http://localhost:3001/_next/static/chunks/webpack.js?v=1770420795873:37:33)
    at fn (http://localhost:3001/_next/static/chunks/webpack.js?v=1770420795873:371:21)
    at  (webpack-internal:///(app-pages-browser)/./node_modules/next/dist/client/app-next-dev.js:9:44)
    at appBootstrap/< (webpack-internal:///(app-pages-browser)/./node_modules/next/dist/client/app-bootstrap.js:57:9)
    at loadScriptsInSequence (webpack-internal:///(app-pages-browser)/./node_modules/next/dist/client/app-bootstrap.js:23:16)
    at appBootstrap (webpack-internal:///(app-pages-browser)/./node_modules/next/dist/client/app-bootstrap.js:56:26)
    at  (webpack-internal:///(app-pages-browser)/./node_modules/next/dist/client/app-next-dev.js:8:32)
    at (app-pages-browser)/./node_modules/next/dist/client/app-next-dev.js (http://localhost:3001/_next/static/chunks/main-app.js?v=1770420795873:266:1)
    at options.factory (http://localhost:3001/_next/static/chunks/webpack.js?v=1770420795873:715:31)
    at __webpack_require__ (http://localhost:3001/_next/static/chunks/webpack.js?v=1770420795873:37:33)
    at __webpack_exec__ (http://localhost:3001/_next/static/chunks/main-app.js?v=1770420795873:2007:61)
    at  (http://localhost:3001/_next/static/chunks/main-app.js?v=1770420795873:2008:154)
    at webpackJsonpCallback (http://localhost:3001/_next/static/chunks/webpack.js?v=1770420795873:1387:46)
    at  (http://localhost:3001/_next/static/chunks/main-app.js?v=1770420795873:9:61)
[    2575ms] Error: Text content does not match server-rendered HTML.
See more info here: https://nextjs.org/docs/messages/react-hydration-error
    at checkForUnmatchedText (webpack-internal:///(app-pages-browser)/./node_modules/next/dist/compiled/react-dom/cjs/react-dom.development.js:32797:11)
    at diffHydratedProperties (webpack-internal:///(app-pages-browser)/./node_modules/next/dist/compiled/react-dom/cjs/react-dom.development.js:35055:30)
    at hydrateInstance (webpack-internal:///(app-pages-browser)/./node_modules/next/dist/compiled/react-dom/cjs/react-dom.development.js:36127:25)
    at prepareToHydrateHostInstance (webpack-internal:///(app-pages-browser)/./node_modules/next/dist/compiled/react-dom/cjs/react-dom.development.js:7246:18)
    at completeWork (webpack-internal:///(app-pages-browser)/./node_modules/next/dist/compiled/react-dom/cjs/react-dom.development.js:19769:41)
    at completeUnitOfWork (webpack-internal:///(app-pages-browser)/./node_modules/next/dist/compiled/react-dom/cjs/react-dom.development.js:25963:14)
    at performUnitOfWork (webpack-internal:///(app-pages-browser)/./node_modules/next/dist/compiled/react-dom/cjs/react-dom.development.js:25759:23)
    at workLoopConcurrent (webpack-internal:///(app-pages-browser)/./node_modules/next/dist/compiled/react-dom/cjs/react-dom.development.js:25734:22)
    at renderRootConcurrent (webpack-internal:///(app-pages-browser)/./node_modules/next/dist/compiled/react-dom/cjs/react-dom.development.js:25690:9)
    at performConcurrentWorkOnRoot (webpack-internal:///(app-pages-browser)/./node_modules/next/dist/compiled/react-dom/cjs/react-dom.development.js:24504:38)
    at workLoop (webpack-internal:///(app-pages-browser)/./node_modules/next/dist/compiled/scheduler/cjs/scheduler.development.js:256:42)
    at flushWork (webpack-internal:///(app-pages-browser)/./node_modules/next/dist/compiled/scheduler/cjs/scheduler.development.js:225:14)
    at performWorkUntilDeadline (webpack-internal:///(app-pages-browser)/./node_modules/next/dist/compiled/scheduler/cjs/scheduler.development.js:534:21)
    at EventHandlerNonNull* (webpack-internal:///(app-pages-browser)/./node_modules/next/dist/compiled/scheduler/cjs/scheduler.development.js:569:3)
    at  (webpack-internal:///(app-pages-browser)/./node_modules/next/dist/compiled/scheduler/cjs/scheduler.development.js:630:5)
    at (app-pages-browser)/./node_modules/next/dist/compiled/scheduler/cjs/scheduler.development.js (http://localhost:3001/_next/static/chunks/main-app.js?v=1770420795873:113:1)
    at options.factory (http://localhost:3001/_next/static/chunks/webpack.js?v=1770420795873:715:31)
    at __webpack_require__ (http://localhost:3001/_next/static/chunks/webpack.js?v=1770420795873:37:33)
    at fn (http://localhost:3001/_next/static/chunks/webpack.js?v=1770420795873:371:21)
    at  (webpack-internal:///(app-pages-browser)/./node_modules/next/dist/compiled/scheduler/index.js:4:20)
    at (app-pages-browser)/./node_modules/next/dist/compiled/scheduler/index.js (http://localhost:3001/_next/static/chunks/main-app.js?v=1770420795873:124:1)
    at options.factory (http://localhost:3001/_next/static/chunks/webpack.js?v=1770420795873:715:31)
    at __webpack_require__ (http://localhost:3001/_next/static/chunks/webpack.js?v=1770420795873:37:33)
    at fn (http://localhost:3001/_next/static/chunks/webpack.js?v=1770420795873:371:21)
    at  (webpack-internal:///(app-pages-browser)/./node_modules/next/dist/compiled/react-dom/cjs/react-dom.development.js:27:36)
    at  (webpack-internal:///(app-pages-browser)/./node_modules/next/dist/compiled/react-dom/cjs/react-dom.development.js:38595:5)
    at (app-pages-browser)/./node_modules/next/dist/compiled/react-dom/cjs/react-dom.development.js (http://localhost:3001/_next/static/chunks/main-app.js?v=1770420795873:1847:1)
    at options.factory (http://localhost:3001/_next/static/chunks/webpack.js?v=1770420795873:715:31)
    at __webpack_require__ (http://localhost:3001/_next/static/chunks/webpack.js?v=1770420795873:37:33)
    at fn (http://localhost:3001/_next/static/chunks/webpack.js?v=1770420795873:371:21)
    at  (webpack-internal:///(app-pages-browser)/./node_modules/next/dist/compiled/react-dom/index.js:32:20)
    at (app-pages-browser)/./node_modules/next/dist/compiled/react-dom/index.js (http://localhost:3001/_next/static/chunks/main-app.js?v=1770420795873:1869:1)
    at options.factory (http://localhost:3001/_next/static/chunks/webpack.js?v=1770420795873:715:31)
    at __webpack_require__ (http://localhost:3001/_next/static/chunks/webpack.js?v=1770420795873:37:33)
    at fn (http://localhost:3001/_next/static/chunks/webpack.js?v=1770420795873:371:21)
    at  (webpack-internal:///(app-pages-browser)/./node_modules/next/dist/compiled/react-dom/client.js:3:28)
    at (app-pages-browser)/./node_modules/next/dist/compiled/react-dom/client.js (http://localhost:3001/_next/static/chunks/main-app.js?v=1770420795873:1858:1)
    at options.factory (http://localhost:3001/_next/static/chunks/webpack.js?v=1770420795873:715:31)
    at __webpack_require__ (http://localhost:3001/_next/static/chunks/webpack.js?v=1770420795873:37:33)
    at fn (http://localhost:3001/_next/static/chunks/webpack.js?v=1770420795873:371:21)
    at  (webpack-internal:///(app-pages-browser)/./node_modules/next/dist/client/app-index.js:15:58)
    at (app-pages-browser)/./node_modules/next/dist/client/app-index.js (http://localhost:3001/_next/static/chunks/main-app.js?v=1770420795873:244:1)
    at options.factory (http://localhost:3001/_next/static/chunks/webpack.js?v=1770420795873:715:31)
    at __webpack_require__ (http://localhost:3001/_next/static/chunks/webpack.js?v=1770420795873:37:33)
    at fn (http://localhost:3001/_next/static/chunks/webpack.js?v=1770420795873:371:21)
    at  (webpack-internal:///(app-pages-browser)/./node_modules/next/dist/client/app-next-dev.js:9:44)
    at appBootstrap/< (webpack-internal:///(app-pages-browser)/./node_modules/next/dist/client/app-bootstrap.js:57:9)
    at loadScriptsInSequence (webpack-internal:///(app-pages-browser)/./node_modules/next/dist/client/app-bootstrap.js:23:16)
    at appBootstrap (webpack-internal:///(app-pages-browser)/./node_modules/next/dist/client/app-bootstrap.js:56:26)
    at  (webpack-internal:///(app-pages-browser)/./node_modules/next/dist/client/app-next-dev.js:8:32)
    at (app-pages-browser)/./node_modules/next/dist/client/app-next-dev.js (http://localhost:3001/_next/static/chunks/main-app.js?v=1770420795873:266:1)
    at options.factory (http://localhost:3001/_next/static/chunks/webpack.js?v=1770420795873:715:31)
    at __webpack_require__ (http://localhost:3001/_next/static/chunks/webpack.js?v=1770420795873:37:33)
    at __webpack_exec__ (http://localhost:3001/_next/static/chunks/main-app.js?v=1770420795873:2007:61)
    at  (http://localhost:3001/_next/static/chunks/main-app.js?v=1770420795873:2008:154)
    at webpackJsonpCallback (http://localhost:3001/_next/static/chunks/webpack.js?v=1770420795873:1387:46)
    at  (http://localhost:3001/_next/static/chunks/main-app.js?v=1770420795873:9:61)
[    2576ms] Error: Text content does not match server-rendered HTML.
See more info here: https://nextjs.org/docs/messages/react-hydration-error
    at checkForUnmatchedText (webpack-internal:///(app-pages-browser)/./node_modules/next/dist/compiled/react-dom/cjs/react-dom.development.js:32797:11)
    at diffHydratedProperties (webpack-internal:///(app-pages-browser)/./node_modules/next/dist/compiled/react-dom/cjs/react-dom.development.js:35055:30)
    at hydrateInstance (webpack-internal:///(app-pages-browser)/./node_modules/next/dist/compiled/react-dom/cjs/react-dom.development.js:36127:25)
    at prepareToHydrateHostInstance (webpack-internal:///(app-pages-browser)/./node_modules/next/dist/compiled/react-dom/cjs/react-dom.development.js:7246:18)
    at completeWork (webpack-internal:///(app-pages-browser)/./node_modules/next/dist/compiled/react-dom/cjs/react-dom.development.js:19769:41)
    at completeUnitOfWork (webpack-internal:///(app-pages-browser)/./node_modules/next/dist/compiled/react-dom/cjs/react-dom.development.js:25963:14)
    at performUnitOfWork (webpack-internal:///(app-pages-browser)/./node_modules/next/dist/compiled/react-dom/cjs/react-dom.development.js:25759:23)
    at workLoopConcurrent (webpack-internal:///(app-pages-browser)/./node_modules/next/dist/compiled/react-dom/cjs/react-dom.development.js:25734:22)
    at renderRootConcurrent (webpack-internal:///(app-pages-browser)/./node_modules/next/dist/compiled/react-dom/cjs/react-dom.development.js:25690:9)
    at performConcurrentWorkOnRoot (webpack-internal:///(app-pages-browser)/./node_modules/next/dist/compiled/react-dom/cjs/react-dom.development.js:24504:38)
    at workLoop (webpack-internal:///(app-pages-browser)/./node_modules/next/dist/compiled/scheduler/cjs/scheduler.development.js:256:42)
    at flushWork (webpack-internal:///(app-pages-browser)/./node_modules/next/dist/compiled/scheduler/cjs/scheduler.development.js:225:14)
    at performWorkUntilDeadline (webpack-internal:///(app-pages-browser)/./node_modules/next/dist/compiled/scheduler/cjs/scheduler.development.js:534:21)
    at EventHandlerNonNull* (webpack-internal:///(app-pages-browser)/./node_modules/next/dist/compiled/scheduler/cjs/scheduler.development.js:569:3)
    at  (webpack-internal:///(app-pages-browser)/./node_modules/next/dist/compiled/scheduler/cjs/scheduler.development.js:630:5)
    at (app-pages-browser)/./node_modules/next/dist/compiled/scheduler/cjs/scheduler.development.js (http://localhost:3001/_next/static/chunks/main-app.js?v=1770420795873:113:1)
    at options.factory (http://localhost:3001/_next/static/chunks/webpack.js?v=1770420795873:715:31)
    at __webpack_require__ (http://localhost:3001/_next/static/chunks/webpack.js?v=1770420795873:37:33)
    at fn (http://localhost:3001/_next/static/chunks/webpack.js?v=1770420795873:371:21)
    at  (webpack-internal:///(app-pages-browser)/./node_modules/next/dist/compiled/scheduler/index.js:4:20)
    at (app-pages-browser)/./node_modules/next/dist/compiled/scheduler/index.js (http://localhost:3001/_next/static/chunks/main-app.js?v=1770420795873:124:1)
    at options.factory (http://localhost:3001/_next/static/chunks/webpack.js?v=1770420795873:715:31)
    at __webpack_require__ (http://localhost:3001/_next/static/chunks/webpack.js?v=1770420795873:37:33)
    at fn (http://localhost:3001/_next/static/chunks/webpack.js?v=1770420795873:371:21)
    at  (webpack-internal:///(app-pages-browser)/./node_modules/next/dist/compiled/react-dom/cjs/react-dom.development.js:27:36)
    at  (webpack-internal:///(app-pages-browser)/./node_modules/next/dist/compiled/react-dom/cjs/react-dom.development.js:38595:5)
    at (app-pages-browser)/./node_modules/next/dist/compiled/react-dom/cjs/react-dom.development.js (http://localhost:3001/_next/static/chunks/main-app.js?v=1770420795873:1847:1)
    at options.factory (http://localhost:3001/_next/static/chunks/webpack.js?v=1770420795873:715:31)
    at __webpack_require__ (http://localhost:3001/_next/static/chunks/webpack.js?v=1770420795873:37:33)
    at fn (http://localhost:3001/_next/static/chunks/webpack.js?v=1770420795873:371:21)
    at  (webpack-internal:///(app-pages-browser)/./node_modules/next/dist/compiled/react-dom/index.js:32:20)
    at (app-pages-browser)/./node_modules/next/dist/compiled/react-dom/index.js (http://localhost:3001/_next/static/chunks/main-app.js?v=1770420795873:1869:1)
    at options.factory (http://localhost:3001/_next/static/chunks/webpack.js?v=1770420795873:715:31)
    at __webpack_require__ (http://localhost:3001/_next/static/chunks/webpack.js?v=1770420795873:37:33)
    at fn (http://localhost:3001/_next/static/chunks/webpack.js?v=1770420795873:371:21)
    at  (webpack-internal:///(app-pages-browser)/./node_modules/next/dist/compiled/react-dom/client.js:3:28)
    at (app-pages-browser)/./node_modules/next/dist/compiled/react-dom/client.js (http://localhost:3001/_next/static/chunks/main-app.js?v=1770420795873:1858:1)
    at options.factory (http://localhost:3001/_next/static/chunks/webpack.js?v=1770420795873:715:31)
    at __webpack_require__ (http://localhost:3001/_next/static/chunks/webpack.js?v=1770420795873:37:33)
    at fn (http://localhost:3001/_next/static/chunks/webpack.js?v=1770420795873:371:21)
    at  (webpack-internal:///(app-pages-browser)/./node_modules/next/dist/client/app-index.js:15:58)
    at (app-pages-browser)/./node_modules/next/dist/client/app-index.js (http://localhost:3001/_next/static/chunks/main-app.js?v=1770420795873:244:1)
    at options.factory (http://localhost:3001/_next/static/chunks/webpack.js?v=1770420795873:715:31)
    at __webpack_require__ (http://localhost:3001/_next/static/chunks/webpack.js?v=1770420795873:37:33)
    at fn (http://localhost:3001/_next/static/chunks/webpack.js?v=1770420795873:371:21)
    at  (webpack-internal:///(app-pages-browser)/./node_modules/next/dist/client/app-next-dev.js:9:44)
    at appBootstrap/< (webpack-internal:///(app-pages-browser)/./node_modules/next/dist/client/app-bootstrap.js:57:9)
    at loadScriptsInSequence (webpack-internal:///(app-pages-browser)/./node_modules/next/dist/client/app-bootstrap.js:23:16)
    at appBootstrap (webpack-internal:///(app-pages-browser)/./node_modules/next/dist/client/app-bootstrap.js:56:26)
    at  (webpack-internal:///(app-pages-browser)/./node_modules/next/dist/client/app-next-dev.js:8:32)
    at (app-pages-browser)/./node_modules/next/dist/client/app-next-dev.js (http://localhost:3001/_next/static/chunks/main-app.js?v=1770420795873:266:1)
    at options.factory (http://localhost:3001/_next/static/chunks/webpack.js?v=1770420795873:715:31)
    at __webpack_require__ (http://localhost:3001/_next/static/chunks/webpack.js?v=1770420795873:37:33)
    at __webpack_exec__ (http://localhost:3001/_next/static/chunks/main-app.js?v=1770420795873:2007:61)
    at  (http://localhost:3001/_next/static/chunks/main-app.js?v=1770420795873:2008:154)
    at webpackJsonpCallback (http://localhost:3001/_next/static/chunks/webpack.js?v=1770420795873:1387:46)
    at  (http://localhost:3001/_next/static/chunks/main-app.js?v=1770420795873:9:61)
[    2577ms] Error: Text content does not match server-rendered HTML.
See more info here: https://nextjs.org/docs/messages/react-hydration-error
    at checkForUnmatchedText (webpack-internal:///(app-pages-browser)/./node_modules/next/dist/compiled/react-dom/cjs/react-dom.development.js:32797:11)
    at diffHydratedProperties (webpack-internal:///(app-pages-browser)/./node_modules/next/dist/compiled/react-dom/cjs/react-dom.development.js:35055:30)
    at hydrateInstance (webpack-internal:///(app-pages-browser)/./node_modules/next/dist/compiled/react-dom/cjs/react-dom.development.js:36127:25)
    at prepareToHydrateHostInstance (webpack-internal:///(app-pages-browser)/./node_modules/next/dist/compiled/react-dom/cjs/react-dom.development.js:7246:18)
    at completeWork (webpack-internal:///(app-pages-browser)/./node_modules/next/dist/compiled/react-dom/cjs/react-dom.development.js:19769:41)
    at completeUnitOfWork (webpack-internal:///(app-pages-browser)/./node_modules/next/dist/compiled/react-dom/cjs/react-dom.development.js:25963:14)
    at performUnitOfWork (webpack-internal:///(app-pages-browser)/./node_modules/next/dist/compiled/react-dom/cjs/react-dom.development.js:25759:23)
    at workLoopConcurrent (webpack-internal:///(app-pages-browser)/./node_modules/next/dist/compiled/react-dom/cjs/react-dom.development.js:25734:22)
    at renderRootConcurrent (webpack-internal:///(app-pages-browser)/./node_modules/next/dist/compiled/react-dom/cjs/react-dom.development.js:25690:9)
    at performConcurrentWorkOnRoot (webpack-internal:///(app-pages-browser)/./node_modules/next/dist/compiled/react-dom/cjs/react-dom.development.js:24504:38)
    at workLoop (webpack-internal:///(app-pages-browser)/./node_modules/next/dist/compiled/scheduler/cjs/scheduler.development.js:256:42)
    at flushWork (webpack-internal:///(app-pages-browser)/./node_modules/next/dist/compiled/scheduler/cjs/scheduler.development.js:225:14)
    at performWorkUntilDeadline (webpack-internal:///(app-pages-browser)/./node_modules/next/dist/compiled/scheduler/cjs/scheduler.development.js:534:21)
    at EventHandlerNonNull* (webpack-internal:///(app-pages-browser)/./node_modules/next/dist/compiled/scheduler/cjs/scheduler.development.js:569:3)
    at  (webpack-internal:///(app-pages-browser)/./node_modules/next/dist/compiled/scheduler/cjs/scheduler.development.js:630:5)
    at (app-pages-browser)/./node_modules/next/dist/compiled/scheduler/cjs/scheduler.development.js (http://localhost:3001/_next/static/chunks/main-app.js?v=1770420795873:113:1)
    at options.factory (http://localhost:3001/_next/static/chunks/webpack.js?v=1770420795873:715:31)
    at __webpack_require__ (http://localhost:3001/_next/static/chunks/webpack.js?v=1770420795873:37:33)
    at fn (http://localhost:3001/_next/static/chunks/webpack.js?v=1770420795873:371:21)
    at  (webpack-internal:///(app-pages-browser)/./node_modules/next/dist/compiled/scheduler/index.js:4:20)
    at (app-pages-browser)/./node_modules/next/dist/compiled/scheduler/index.js (http://localhost:3001/_next/static/chunks/main-app.js?v=1770420795873:124:1)
    at options.factory (http://localhost:3001/_next/static/chunks/webpack.js?v=1770420795873:715:31)
    at __webpack_require__ (http://localhost:3001/_next/static/chunks/webpack.js?v=1770420795873:37:33)
    at fn (http://localhost:3001/_next/static/chunks/webpack.js?v=1770420795873:371:21)
    at  (webpack-internal:///(app-pages-browser)/./node_modules/next/dist/compiled/react-dom/cjs/react-dom.development.js:27:36)
    at  (webpack-internal:///(app-pages-browser)/./node_modules/next/dist/compiled/react-dom/cjs/react-dom.development.js:38595:5)
    at (app-pages-browser)/./node_modules/next/dist/compiled/react-dom/cjs/react-dom.development.js (http://localhost:3001/_next/static/chunks/main-app.js?v=1770420795873:1847:1)
    at options.factory (http://localhost:3001/_next/static/chunks/webpack.js?v=1770420795873:715:31)
    at __webpack_require__ (http://localhost:3001/_next/static/chunks/webpack.js?v=1770420795873:37:33)
    at fn (http://localhost:3001/_next/static/chunks/webpack.js?v=1770420795873:371:21)
    at  (webpack-internal:///(app-pages-browser)/./node_modules/next/dist/compiled/react-dom/index.js:32:20)
    at (app-pages-browser)/./node_modules/next/dist/compiled/react-dom/index.js (http://localhost:3001/_next/static/chunks/main-app.js?v=1770420795873:1869:1)
    at options.factory (http://localhost:3001/_next/static/chunks/webpack.js?v=1770420795873:715:31)
    at __webpack_require__ (http://localhost:3001/_next/static/chunks/webpack.js?v=1770420795873:37:33)
    at fn (http://localhost:3001/_next/static/chunks/webpack.js?v=1770420795873:371:21)
    at  (webpack-internal:///(app-pages-browser)/./node_modules/next/dist/compiled/react-dom/client.js:3:28)
    at (app-pages-browser)/./node_modules/next/dist/compiled/react-dom/client.js (http://localhost:3001/_next/static/chunks/main-app.js?v=1770420795873:1858:1)
    at options.factory (http://localhost:3001/_next/static/chunks/webpack.js?v=1770420795873:715:31)
    at __webpack_require__ (http://localhost:3001/_next/static/chunks/webpack.js?v=1770420795873:37:33)
    at fn (http://localhost:3001/_next/static/chunks/webpack.js?v=1770420795873:371:21)
    at  (webpack-internal:///(app-pages-browser)/./node_modules/next/dist/client/app-index.js:15:58)
    at (app-pages-browser)/./node_modules/next/dist/client/app-index.js (http://localhost:3001/_next/static/chunks/main-app.js?v=1770420795873:244:1)
    at options.factory (http://localhost:3001/_next/static/chunks/webpack.js?v=1770420795873:715:31)
    at __webpack_require__ (http://localhost:3001/_next/static/chunks/webpack.js?v=1770420795873:37:33)
    at fn (http://localhost:3001/_next/static/chunks/webpack.js?v=1770420795873:371:21)
    at  (webpack-internal:///(app-pages-browser)/./node_modules/next/dist/client/app-next-dev.js:9:44)
    at appBootstrap/< (webpack-internal:///(app-pages-browser)/./node_modules/next/dist/client/app-bootstrap.js:57:9)
    at loadScriptsInSequence (webpack-internal:///(app-pages-browser)/./node_modules/next/dist/client/app-bootstrap.js:23:16)
    at appBootstrap (webpack-internal:///(app-pages-browser)/./node_modules/next/dist/client/app-bootstrap.js:56:26)
    at  (webpack-internal:///(app-pages-browser)/./node_modules/next/dist/client/app-next-dev.js:8:32)
    at (app-pages-browser)/./node_modules/next/dist/client/app-next-dev.js (http://localhost:3001/_next/static/chunks/main-app.js?v=1770420795873:266:1)
    at options.factory (http://localhost:3001/_next/static/chunks/webpack.js?v=1770420795873:715:31)
    at __webpack_require__ (http://localhost:3001/_next/static/chunks/webpack.js?v=1770420795873:37:33)
    at __webpack_exec__ (http://localhost:3001/_next/static/chunks/main-app.js?v=1770420795873:2007:61)
    at  (http://localhost:3001/_next/static/chunks/main-app.js?v=1770420795873:2008:154)
    at webpackJsonpCallback (http://localhost:3001/_next/static/chunks/webpack.js?v=1770420795873:1387:46)
    at  (http://localhost:3001/_next/static/chunks/main-app.js?v=1770420795873:9:61)
[    2577ms] Error: Text content does not match server-rendered HTML.
See more info here: https://nextjs.org/docs/messages/react-hydration-error
    at checkForUnmatchedText (webpack-internal:///(app-pages-browser)/./node_modules/next/dist/compiled/react-dom/cjs/react-dom.development.js:32797:11)
    at diffHydratedProperties (webpack-internal:///(app-pages-browser)/./node_modules/next/dist/compiled/react-dom/cjs/react-dom.development.js:35055:30)
    at hydrateInstance (webpack-internal:///(app-pages-browser)/./node_modules/next/dist/compiled/react-dom/cjs/react-dom.development.js:36127:25)
    at prepareToHydrateHostInstance (webpack-internal:///(app-pages-browser)/./node_modules/next/dist/compiled/react-dom/cjs/react-dom.development.js:7246:18)
    at completeWork (webpack-internal:///(app-pages-browser)/./node_modules/next/dist/compiled/react-dom/cjs/react-dom.development.js:19769:41)
    at completeUnitOfWork (webpack-internal:///(app-pages-browser)/./node_modules/next/dist/compiled/react-dom/cjs/react-dom.development.js:25963:14)
    at performUnitOfWork (webpack-internal:///(app-pages-browser)/./node_modules/next/dist/compiled/react-dom/cjs/react-dom.development.js:25759:23)
    at workLoopConcurrent (webpack-internal:///(app-pages-browser)/./node_modules/next/dist/compiled/react-dom/cjs/react-dom.development.js:25734:22)
    at renderRootConcurrent (webpack-internal:///(app-pages-browser)/./node_modules/next/dist/compiled/react-dom/cjs/react-dom.development.js:25690:9)
    at performConcurrentWorkOnRoot (webpack-internal:///(app-pages-browser)/./node_modules/next/dist/compiled/react-dom/cjs/react-dom.development.js:24504:38)
    at workLoop (webpack-internal:///(app-pages-browser)/./node_modules/next/dist/compiled/scheduler/cjs/scheduler.development.js:256:42)
    at flushWork (webpack-internal:///(app-pages-browser)/./node_modules/next/dist/compiled/scheduler/cjs/scheduler.development.js:225:14)
    at performWorkUntilDeadline (webpack-internal:///(app-pages-browser)/./node_modules/next/dist/compiled/scheduler/cjs/scheduler.development.js:534:21)
    at EventHandlerNonNull* (webpack-internal:///(app-pages-browser)/./node_modules/next/dist/compiled/scheduler/cjs/scheduler.development.js:569:3)
    at  (webpack-internal:///(app-pages-browser)/./node_modules/next/dist/compiled/scheduler/cjs/scheduler.development.js:630:5)
    at (app-pages-browser)/./node_modules/next/dist/compiled/scheduler/cjs/scheduler.development.js (http://localhost:3001/_next/static/chunks/main-app.js?v=1770420795873:113:1)
    at options.factory (http://localhost:3001/_next/static/chunks/webpack.js?v=1770420795873:715:31)
    at __webpack_require__ (http://localhost:3001/_next/static/chunks/webpack.js?v=1770420795873:37:33)
    at fn (http://localhost:3001/_next/static/chunks/webpack.js?v=1770420795873:371:21)
    at  (webpack-internal:///(app-pages-browser)/./node_modules/next/dist/compiled/scheduler/index.js:4:20)
    at (app-pages-browser)/./node_modules/next/dist/compiled/scheduler/index.js (http://localhost:3001/_next/static/chunks/main-app.js?v=1770420795873:124:1)
    at options.factory (http://localhost:3001/_next/static/chunks/webpack.js?v=1770420795873:715:31)
    at __webpack_require__ (http://localhost:3001/_next/static/chunks/webpack.js?v=1770420795873:37:33)
    at fn (http://localhost:3001/_next/static/chunks/webpack.js?v=1770420795873:371:21)
    at  (webpack-internal:///(app-pages-browser)/./node_modules/next/dist/compiled/react-dom/cjs/react-dom.development.js:27:36)
    at  (webpack-internal:///(app-pages-browser)/./node_modules/next/dist/compiled/react-dom/cjs/react-dom.development.js:38595:5)
    at (app-pages-browser)/./node_modules/next/dist/compiled/react-dom/cjs/react-dom.development.js (http://localhost:3001/_next/static/chunks/main-app.js?v=1770420795873:1847:1)
    at options.factory (http://localhost:3001/_next/static/chunks/webpack.js?v=1770420795873:715:31)
    at __webpack_require__ (http://localhost:3001/_next/static/chunks/webpack.js?v=1770420795873:37:33)
    at fn (http://localhost:3001/_next/static/chunks/webpack.js?v=1770420795873:371:21)
    at  (webpack-internal:///(app-pages-browser)/./node_modules/next/dist/compiled/react-dom/index.js:32:20)
    at (app-pages-browser)/./node_modules/next/dist/compiled/react-dom/index.js (http://localhost:3001/_next/static/chunks/main-app.js?v=1770420795873:1869:1)
    at options.factory (http://localhost:3001/_next/static/chunks/webpack.js?v=1770420795873:715:31)
    at __webpack_require__ (http://localhost:3001/_next/static/chunks/webpack.js?v=1770420795873:37:33)
    at fn (http://localhost:3001/_next/static/chunks/webpack.js?v=1770420795873:371:21)
    at  (webpack-internal:///(app-pages-browser)/./node_modules/next/dist/compiled/react-dom/client.js:3:28)
    at (app-pages-browser)/./node_modules/next/dist/compiled/react-dom/client.js (http://localhost:3001/_next/static/chunks/main-app.js?v=1770420795873:1858:1)
    at options.factory (http://localhost:3001/_next/static/chunks/webpack.js?v=1770420795873:715:31)
    at __webpack_require__ (http://localhost:3001/_next/static/chunks/webpack.js?v=1770420795873:37:33)
    at fn (http://localhost:3001/_next/static/chunks/webpack.js?v=1770420795873:371:21)
    at  (webpack-internal:///(app-pages-browser)/./node_modules/next/dist/client/app-index.js:15:58)
    at (app-pages-browser)/./node_modules/next/dist/client/app-index.js (http://localhost:3001/_next/static/chunks/main-app.js?v=1770420795873:244:1)
    at options.factory (http://localhost:3001/_next/static/chunks/webpack.js?v=1770420795873:715:31)
    at __webpack_require__ (http://localhost:3001/_next/static/chunks/webpack.js?v=1770420795873:37:33)
    at fn (http://localhost:3001/_next/static/chunks/webpack.js?v=1770420795873:371:21)
    at  (webpack-internal:///(app-pages-browser)/./node_modules/next/dist/client/app-next-dev.js:9:44)
    at appBootstrap/< (webpack-internal:///(app-pages-browser)/./node_modules/next/dist/client/app-bootstrap.js:57:9)
    at loadScriptsInSequence (webpack-internal:///(app-pages-browser)/./node_modules/next/dist/client/app-bootstrap.js:23:16)
    at appBootstrap (webpack-internal:///(app-pages-browser)/./node_modules/next/dist/client/app-bootstrap.js:56:26)
    at  (webpack-internal:///(app-pages-browser)/./node_modules/next/dist/client/app-next-dev.js:8:32)
    at (app-pages-browser)/./node_modules/next/dist/client/app-next-dev.js (http://localhost:3001/_next/static/chunks/main-app.js?v=1770420795873:266:1)
    at options.factory (http://localhost:3001/_next/static/chunks/webpack.js?v=1770420795873:715:31)
    at __webpack_require__ (http://localhost:3001/_next/static/chunks/webpack.js?v=1770420795873:37:33)
    at __webpack_exec__ (http://localhost:3001/_next/static/chunks/main-app.js?v=1770420795873:2007:61)
    at  (http://localhost:3001/_next/static/chunks/main-app.js?v=1770420795873:2008:154)
    at webpackJsonpCallback (http://localhost:3001/_next/static/chunks/webpack.js?v=1770420795873:1387:46)
    at  (http://localhost:3001/_next/static/chunks/main-app.js?v=1770420795873:9:61)
[    2578ms] Error: Text content does not match server-rendered HTML.
See more info here: https://nextjs.org/docs/messages/react-hydration-error
    at checkForUnmatchedText (webpack-internal:///(app-pages-browser)/./node_modules/next/dist/compiled/react-dom/cjs/react-dom.development.js:32797:11)
    at diffHydratedProperties (webpack-internal:///(app-pages-browser)/./node_modules/next/dist/compiled/react-dom/cjs/react-dom.development.js:35055:30)
    at hydrateInstance (webpack-internal:///(app-pages-browser)/./node_modules/next/dist/compiled/react-dom/cjs/react-dom.development.js:36127:25)
    at prepareToHydrateHostInstance (webpack-internal:///(app-pages-browser)/./node_modules/next/dist/compiled/react-dom/cjs/react-dom.development.js:7246:18)
    at completeWork (webpack-internal:///(app-pages-browser)/./node_modules/next/dist/compiled/react-dom/cjs/react-dom.development.js:19769:41)
    at completeUnitOfWork (webpack-internal:///(app-pages-browser)/./node_modules/next/dist/compiled/react-dom/cjs/react-dom.development.js:25963:14)
    at performUnitOfWork (webpack-internal:///(app-pages-browser)/./node_modules/next/dist/compiled/react-dom/cjs/react-dom.development.js:25759:23)
    at workLoopConcurrent (webpack-internal:///(app-pages-browser)/./node_modules/next/dist/compiled/react-dom/cjs/react-dom.development.js:25734:22)
    at renderRootConcurrent (webpack-internal:///(app-pages-browser)/./node_modules/next/dist/compiled/react-dom/cjs/react-dom.development.js:25690:9)
    at performConcurrentWorkOnRoot (webpack-internal:///(app-pages-browser)/./node_modules/next/dist/compiled/react-dom/cjs/react-dom.development.js:24504:38)
    at workLoop (webpack-internal:///(app-pages-browser)/./node_modules/next/dist/compiled/scheduler/cjs/scheduler.development.js:256:42)
    at flushWork (webpack-internal:///(app-pages-browser)/./node_modules/next/dist/compiled/scheduler/cjs/scheduler.development.js:225:14)
    at performWorkUntilDeadline (webpack-internal:///(app-pages-browser)/./node_modules/next/dist/compiled/scheduler/cjs/scheduler.development.js:534:21)
    at EventHandlerNonNull* (webpack-internal:///(app-pages-browser)/./node_modules/next/dist/compiled/scheduler/cjs/scheduler.development.js:569:3)
    at  (webpack-internal:///(app-pages-browser)/./node_modules/next/dist/compiled/scheduler/cjs/scheduler.development.js:630:5)
    at (app-pages-browser)/./node_modules/next/dist/compiled/scheduler/cjs/scheduler.development.js (http://localhost:3001/_next/static/chunks/main-app.js?v=1770420795873:113:1)
    at options.factory (http://localhost:3001/_next/static/chunks/webpack.js?v=1770420795873:715:31)
    at __webpack_require__ (http://localhost:3001/_next/static/chunks/webpack.js?v=1770420795873:37:33)
    at fn (http://localhost:3001/_next/static/chunks/webpack.js?v=1770420795873:371:21)
    at  (webpack-internal:///(app-pages-browser)/./node_modules/next/dist/compiled/scheduler/index.js:4:20)
    at (app-pages-browser)/./node_modules/next/dist/compiled/scheduler/index.js (http://localhost:3001/_next/static/chunks/main-app.js?v=1770420795873:124:1)
    at options.factory (http://localhost:3001/_next/static/chunks/webpack.js?v=1770420795873:715:31)
    at __webpack_require__ (http://localhost:3001/_next/static/chunks/webpack.js?v=1770420795873:37:33)
    at fn (http://localhost:3001/_next/static/chunks/webpack.js?v=1770420795873:371:21)
    at  (webpack-internal:///(app-pages-browser)/./node_modules/next/dist/compiled/react-dom/cjs/react-dom.development.js:27:36)
    at  (webpack-internal:///(app-pages-browser)/./node_modules/next/dist/compiled/react-dom/cjs/react-dom.development.js:38595:5)
    at (app-pages-browser)/./node_modules/next/dist/compiled/react-dom/cjs/react-dom.development.js (http://localhost:3001/_next/static/chunks/main-app.js?v=1770420795873:1847:1)
    at options.factory (http://localhost:3001/_next/static/chunks/webpack.js?v=1770420795873:715:31)
    at __webpack_require__ (http://localhost:3001/_next/static/chunks/webpack.js?v=1770420795873:37:33)
    at fn (http://localhost:3001/_next/static/chunks/webpack.js?v=1770420795873:371:21)
    at  (webpack-internal:///(app-pages-browser)/./node_modules/next/dist/compiled/react-dom/index.js:32:20)
    at (app-pages-browser)/./node_modules/next/dist/compiled/react-dom/index.js (http://localhost:3001/_next/static/chunks/main-app.js?v=1770420795873:1869:1)
    at options.factory (http://localhost:3001/_next/static/chunks/webpack.js?v=1770420795873:715:31)
    at __webpack_require__ (http://localhost:3001/_next/static/chunks/webpack.js?v=1770420795873:37:33)
    at fn (http://localhost:3001/_next/static/chunks/webpack.js?v=1770420795873:371:21)
    at  (webpack-internal:///(app-pages-browser)/./node_modules/next/dist/compiled/react-dom/client.js:3:28)
    at (app-pages-browser)/./node_modules/next/dist/compiled/react-dom/client.js (http://localhost:3001/_next/static/chunks/main-app.js?v=1770420795873:1858:1)
    at options.factory (http://localhost:3001/_next/static/chunks/webpack.js?v=1770420795873:715:31)
    at __webpack_require__ (http://localhost:3001/_next/static/chunks/webpack.js?v=1770420795873:37:33)
    at fn (http://localhost:3001/_next/static/chunks/webpack.js?v=1770420795873:371:21)
    at  (webpack-internal:///(app-pages-browser)/./node_modules/next/dist/client/app-index.js:15:58)
    at (app-pages-browser)/./node_modules/next/dist/client/app-index.js (http://localhost:3001/_next/static/chunks/main-app.js?v=1770420795873:244:1)
    at options.factory (http://localhost:3001/_next/static/chunks/webpack.js?v=1770420795873:715:31)
    at __webpack_require__ (http://localhost:3001/_next/static/chunks/webpack.js?v=1770420795873:37:33)
    at fn (http://localhost:3001/_next/static/chunks/webpack.js?v=1770420795873:371:21)
    at  (webpack-internal:///(app-pages-browser)/./node_modules/next/dist/client/app-next-dev.js:9:44)
    at appBootstrap/< (webpack-internal:///(app-pages-browser)/./node_modules/next/dist/client/app-bootstrap.js:57:9)
    at loadScriptsInSequence (webpack-internal:///(app-pages-browser)/./node_modules/next/dist/client/app-bootstrap.js:23:16)
    at appBootstrap (webpack-internal:///(app-pages-browser)/./node_modules/next/dist/client/app-bootstrap.js:56:26)
    at  (webpack-internal:///(app-pages-browser)/./node_modules/next/dist/client/app-next-dev.js:8:32)
    at (app-pages-browser)/./node_modules/next/dist/client/app-next-dev.js (http://localhost:3001/_next/static/chunks/main-app.js?v=1770420795873:266:1)
    at options.factory (http://localhost:3001/_next/static/chunks/webpack.js?v=1770420795873:715:31)
    at __webpack_require__ (http://localhost:3001/_next/static/chunks/webpack.js?v=1770420795873:37:33)
    at __webpack_exec__ (http://localhost:3001/_next/static/chunks/main-app.js?v=1770420795873:2007:61)
    at  (http://localhost:3001/_next/static/chunks/main-app.js?v=1770420795873:2008:154)
    at webpackJsonpCallback (http://localhost:3001/_next/static/chunks/webpack.js?v=1770420795873:1387:46)
    at  (http://localhost:3001/_next/static/chunks/main-app.js?v=1770420795873:9:61)
[    2579ms] Error: There was an error while hydrating. Because the error happened outside of a Suspense boundary, the entire root will switch to client rendering.
    at updateHostRoot (webpack-internal:///(app-pages-browser)/./node_modules/next/dist/compiled/react-dom/cjs/react-dom.development.js:16571:57)
    at beginWork$1 (webpack-internal:///(app-pages-browser)/./node_modules/next/dist/compiled/react-dom/cjs/react-dom.development.js:18486:14)
    at beginWork (webpack-internal:///(app-pages-browser)/./node_modules/next/dist/compiled/react-dom/cjs/react-dom.development.js:26927:14)
    at performUnitOfWork (webpack-internal:///(app-pages-browser)/./node_modules/next/dist/compiled/react-dom/cjs/react-dom.development.js:25748:12)
    at workLoopSync (webpack-internal:///(app-pages-browser)/./node_modules/next/dist/compiled/react-dom/cjs/react-dom.development.js:25464:22)
    at renderRootSync (webpack-internal:///(app-pages-browser)/./node_modules/next/dist/compiled/react-dom/cjs/react-dom.development.js:25419:7)
    at recoverFromConcurrentError (webpack-internal:///(app-pages-browser)/./node_modules/next/dist/compiled/react-dom/cjs/react-dom.development.js:24597:34)
    at performConcurrentWorkOnRoot (webpack-internal:///(app-pages-browser)/./node_modules/next/dist/compiled/react-dom/cjs/react-dom.development.js:24542:26)
    at workLoop (webpack-internal:///(app-pages-browser)/./node_modules/next/dist/compiled/scheduler/cjs/scheduler.development.js:256:42)
    at flushWork (webpack-internal:///(app-pages-browser)/./node_modules/next/dist/compiled/scheduler/cjs/scheduler.development.js:225:14)
    at performWorkUntilDeadline (webpack-internal:///(app-pages-browser)/./node_modules/next/dist/compiled/scheduler/cjs/scheduler.development.js:534:21)
    at EventHandlerNonNull* (webpack-internal:///(app-pages-browser)/./node_modules/next/dist/compiled/scheduler/cjs/scheduler.development.js:569:3)
    at  (webpack-internal:///(app-pages-browser)/./node_modules/next/dist/compiled/scheduler/cjs/scheduler.development.js:630:5)
    at (app-pages-browser)/./node_modules/next/dist/compiled/scheduler/cjs/scheduler.development.js (http://localhost:3001/_next/static/chunks/main-app.js?v=1770420795873:113:1)
    at options.factory (http://localhost:3001/_next/static/chunks/webpack.js?v=1770420795873:715:31)
    at __webpack_require__ (http://localhost:3001/_next/static/chunks/webpack.js?v=1770420795873:37:33)
    at fn (http://localhost:3001/_next/static/chunks/webpack.js?v=1770420795873:371:21)
    at  (webpack-internal:///(app-pages-browser)/./node_modules/next/dist/compiled/scheduler/index.js:4:20)
    at (app-pages-browser)/./node_modules/next/dist/compiled/scheduler/index.js (http://localhost:3001/_next/static/chunks/main-app.js?v=1770420795873:124:1)
    at options.factory (http://localhost:3001/_next/static/chunks/webpack.js?v=1770420795873:715:31)
    at __webpack_require__ (http://localhost:3001/_next/static/chunks/webpack.js?v=1770420795873:37:33)
    at fn (http://localhost:3001/_next/static/chunks/webpack.js?v=1770420795873:371:21)
    at  (webpack-internal:///(app-pages-browser)/./node_modules/next/dist/compiled/react-dom/cjs/react-dom.development.js:27:36)
    at  (webpack-internal:///(app-pages-browser)/./node_modules/next/dist/compiled/react-dom/cjs/react-dom.development.js:38595:5)
    at (app-pages-browser)/./node_modules/next/dist/compiled/react-dom/cjs/react-dom.development.js (http://localhost:3001/_next/static/chunks/main-app.js?v=1770420795873:1847:1)
    at options.factory (http://localhost:3001/_next/static/chunks/webpack.js?v=1770420795873:715:31)
    at __webpack_require__ (http://localhost:3001/_next/static/chunks/webpack.js?v=1770420795873:37:33)
    at fn (http://localhost:3001/_next/static/chunks/webpack.js?v=1770420795873:371:21)
    at  (webpack-internal:///(app-pages-browser)/./node_modules/next/dist/compiled/react-dom/index.js:32:20)
    at (app-pages-browser)/./node_modules/next/dist/compiled/react-dom/index.js (http://localhost:3001/_next/static/chunks/main-app.js?v=1770420795873:1869:1)
    at options.factory (http://localhost:3001/_next/static/chunks/webpack.js?v=1770420795873:715:31)
    at __webpack_require__ (http://localhost:3001/_next/static/chunks/webpack.js?v=1770420795873:37:33)
    at fn (http://localhost:3001/_next/static/chunks/webpack.js?v=1770420795873:371:21)
    at  (webpack-internal:///(app-pages-browser)/./node_modules/next/dist/compiled/react-dom/client.js:3:28)
    at (app-pages-browser)/./node_modules/next/dist/compiled/react-dom/client.js (http://localhost:3001/_next/static/chunks/main-app.js?v=1770420795873:1858:1)
    at options.factory (http://localhost:3001/_next/static/chunks/webpack.js?v=1770420795873:715:31)
    at __webpack_require__ (http://localhost:3001/_next/static/chunks/webpack.js?v=1770420795873:37:33)
    at fn (http://localhost:3001/_next/static/chunks/webpack.js?v=1770420795873:371:21)
    at  (webpack-internal:///(app-pages-browser)/./node_modules/next/dist/client/app-index.js:15:58)
    at (app-pages-browser)/./node_modules/next/dist/client/app-index.js (http://localhost:3001/_next/static/chunks/main-app.js?v=1770420795873:244:1)
    at options.factory (http://localhost:3001/_next/static/chunks/webpack.js?v=1770420795873:715:31)
    at __webpack_require__ (http://localhost:3001/_next/static/chunks/webpack.js?v=1770420795873:37:33)
    at fn (http://localhost:3001/_next/static/chunks/webpack.js?v=1770420795873:371:21)
    at  (webpack-internal:///(app-pages-browser)/./node_modules/next/dist/client/app-next-dev.js:9:44)
    at appBootstrap/< (webpack-internal:///(app-pages-browser)/./node_modules/next/dist/client/app-bootstrap.js:57:9)
    at loadScriptsInSequence (webpack-internal:///(app-pages-browser)/./node_modules/next/dist/client/app-bootstrap.js:23:16)
    at appBootstrap (webpack-internal:///(app-pages-browser)/./node_modules/next/dist/client/app-bootstrap.js:56:26)
    at  (webpack-internal:///(app-pages-browser)/./node_modules/next/dist/client/app-next-dev.js:8:32)
    at (app-pages-browser)/./node_modules/next/dist/client/app-next-dev.js (http://localhost:3001/_next/static/chunks/main-app.js?v=1770420795873:266:1)
    at options.factory (http://localhost:3001/_next/static/chunks/webpack.js?v=1770420795873:715:31)
    at __webpack_require__ (http://localhost:3001/_next/static/chunks/webpack.js?v=1770420795873:37:33)
    at __webpack_exec__ (http://localhost:3001/_next/static/chunks/main-app.js?v=1770420795873:2007:61)
    at  (http://localhost:3001/_next/static/chunks/main-app.js?v=1770420795873:2008:154)
    at webpackJsonpCallback (http://localhost:3001/_next/static/chunks/webpack.js?v=1770420795873:1387:46)
    at  (http://localhost:3001/_next/static/chunks/main-app.js?v=1770420795873:9:61)
[   12152ms] [WARNING] [JavaScript Warning: "The resource at http://localhost:3001/_next/static/media/4473ecc91f70f139-s.p.woff preloaded with link preload was not used within a few seconds. Make sure all attributes of the preload tag are set correctly." {file: "http://localhost:3001/singulars/hard-exe/belonging" line: 0}] @ http://localhost:3001/singulars/hard-exe/belonging:0
[   12152ms] [WARNING] [JavaScript Warning: "The resource at http://localhost:3001/_next/static/media/463dafcda517f24f-s.p.woff preloaded with link preload was not used within a few seconds. Make sure all attributes of the preload tag are set correctly." {file: "http://localhost:3001/singulars/hard-exe/belonging" line: 0}] @ http://localhost:3001/singulars/hard-exe/belonging:0
